[2017-04-27 11:30:21] local.ERROR: exception 'Symfony\Component\Debug\Exception\FatalErrorException' with message 'Maximum execution time of 300 seconds exceeded' in C:\Users\Francis\Roaming\Myadmin\vendor\compiled.php:1712
Stack trace:
#0 {main}  
[2017-04-27 11:40:49] local.ERROR: exception 'PDOException' with message 'SQLSTATE[HY000] [2002] A connection attempt failed because the connected party did not properly respond after a period of time or established connection failed because connected host has failed to respond.
' in C:\Users\Francis\Roaming\Myadmin\vendor\laravel\framework\src\Illuminate\Database\Connectors\Connector.php:47
Stack trace:
#0 C:\Users\Francis\Roaming\Myadmin\vendor\laravel\framework\src\Illuminate\Database\Connectors\Connector.php(47): PDO->__construct('mysql:host=35.1...', 'francis.kornu', '31ae91f4bdaf216...', Array)
#1 C:\Users\Francis\Roaming\Myadmin\vendor\laravel\framework\src\Illuminate\Database\Connectors\MySqlConnector.php(20): Illuminate\Database\Connectors\Connector->createConnection('mysql:host=35.1...', Array, Array)
#2 C:\Users\Francis\Roaming\Myadmin\vendor\compiled.php(10673): Illuminate\Database\Connectors\MySqlConnector->connect(Array)
#3 C:\Users\Francis\Roaming\Myadmin\vendor\compiled.php(10669): Illuminate\Database\Connectors\ConnectionFactory->createSingleConnection(Array)
#4 C:\Users\Francis\Roaming\Myadmin\vendor\compiled.php(10587): Illuminate\Database\Connectors\ConnectionFactory->make(Array, 'mysql')
#5 C:\Users\Francis\Roaming\Myadmin\vendor\compiled.php(10542): Illuminate\Database\DatabaseManager->makeConnection('mysql')
#6 C:\Users\Francis\Roaming\Myadmin\vendor\compiled.php(10434): Illuminate\Database\DatabaseManager->connection(NULL)
#7 C:\Users\Francis\Roaming\Myadmin\vendor\compiled.php(10421): Illuminate\Database\Eloquent\Model::resolveConnection(NULL)
#8 C:\Users\Francis\Roaming\Myadmin\vendor\compiled.php(9921): Illuminate\Database\Eloquent\Model->getConnection()
#9 C:\Users\Francis\Roaming\Myadmin\vendor\compiled.php(9898): Illuminate\Database\Eloquent\Model->newBaseQueryBuilder()
#10 C:\Users\Francis\Roaming\Myadmin\vendor\compiled.php(9888): Illuminate\Database\Eloquent\Model->newQueryWithoutScopes()
#11 C:\Users\Francis\Roaming\Myadmin\vendor\compiled.php(704): Illuminate\Database\Eloquent\Model->newQuery()
#12 C:\Users\Francis\Roaming\Myadmin\vendor\compiled.php(417): Illuminate\Auth\EloquentUserProvider->retrieveById(1)
#13 C:\Users\Francis\Roaming\Myadmin\vendor\compiled.php(400): Illuminate\Auth\Guard->user()
#14 C:\Users\Francis\Roaming\Myadmin\app\Http\Middleware\RedirectIfAuthenticated.php(36): Illuminate\Auth\Guard->check()
#15 C:\Users\Francis\Roaming\Myadmin\vendor\compiled.php(8944): App\Http\Middleware\RedirectIfAuthenticated->handle(Object(Illuminate\Http\Request), Object(Closure))
#16 [internal function]: Illuminate\Pipeline\Pipeline->Illuminate\Pipeline\{closure}(Object(Illuminate\Http\Request))
#17 C:\Users\Francis\Roaming\Myadmin\vendor\compiled.php(8935): call_user_func(Object(Closure), Object(Illuminate\Http\Request))
#18 C:\Users\Francis\Roaming\Myadmin\vendor\compiled.php(8334): Illuminate\Pipeline\Pipeline->then(Object(Closure))
#19 C:\Users\Francis\Roaming\Myadmin\vendor\compiled.php(8320): Illuminate\Routing\ControllerDispatcher->callWithinStack(Object(App\Http\Controllers\WelcomeController), Object(Illuminate\Routing\Route), Object(Illuminate\Http\Request), 'index')
#20 C:\Users\Francis\Roaming\Myadmin\vendor\compiled.php(7317): Illuminate\Routing\ControllerDispatcher->dispatch(Object(Illuminate\Routing\Route), Object(Illuminate\Http\Request), 'App\\Http\\Contro...', 'index')
#21 C:\Users\Francis\Roaming\Myadmin\vendor\compiled.php(7288): Illuminate\Routing\Route->runWithCustomDispatcher(Object(Illuminate\Http\Request))
#22 C:\Users\Francis\Roaming\Myadmin\vendor\compiled.php(6954): Illuminate\Routing\Route->run(Object(Illuminate\Http\Request))
#23 [internal function]: Illuminate\Routing\Router->Illuminate\Routing\{closure}(Object(Illuminate\Http\Request))
#24 C:\Users\Francis\Roaming\Myadmin\vendor\compiled.php(8952): call_user_func(Object(Closure), Object(Illuminate\Http\Request))
#25 [internal function]: Illuminate\Pipeline\Pipeline->Illuminate\Pipeline\{closure}(Object(Illuminate\Http\Request))
#26 C:\Users\Francis\Roaming\Myadmin\vendor\compiled.php(8935): call_user_func(Object(Closure), Object(Illuminate\Http\Request))
#27 C:\Users\Francis\Roaming\Myadmin\vendor\compiled.php(6955): Illuminate\Pipeline\Pipeline->then(Object(Closure))
#28 C:\Users\Francis\Roaming\Myadmin\vendor\compiled.php(6944): Illuminate\Routing\Router->runRouteWithinStack(Object(Illuminate\Routing\Route), Object(Illuminate\Http\Request))
#29 C:\Users\Francis\Roaming\Myadmin\vendor\compiled.php(6929): Illuminate\Routing\Router->dispatchToRoute(Object(Illuminate\Http\Request))
#30 C:\Users\Francis\Roaming\Myadmin\vendor\compiled.php(1935): Illuminate\Routing\Router->dispatch(Object(Illuminate\Http\Request))
#31 [internal function]: Illuminate\Foundation\Http\Kernel->Illuminate\Foundation\Http\{closure}(Object(Illuminate\Http\Request))
#32 C:\Users\Francis\Roaming\Myadmin\vendor\compiled.php(8952): call_user_func(Object(Closure), Object(Illuminate\Http\Request))
#33 C:\Users\Francis\Roaming\Myadmin\vendor\compiled.php(2438): Illuminate\Pipeline\Pipeline->Illuminate\Pipeline\{closure}(Object(Illuminate\Http\Request))
#34 C:\Users\Francis\Roaming\Myadmin\app\Http\Middleware\VerifyCsrfToken.php(17): Illuminate\Foundation\Http\Middleware\VerifyCsrfToken->handle(Object(Illuminate\Http\Request), Object(Closure))
#35 C:\Users\Francis\Roaming\Myadmin\vendor\compiled.php(8944): App\Http\Middleware\VerifyCsrfToken->handle(Object(Illuminate\Http\Request), Object(Closure))
#36 C:\Users\Francis\Roaming\Myadmin\vendor\compiled.php(12083): Illuminate\Pipeline\Pipeline->Illuminate\Pipeline\{closure}(Object(Illuminate\Http\Request))
#37 C:\Users\Francis\Roaming\Myadmin\vendor\compiled.php(8944): Illuminate\View\Middleware\ShareErrorsFromSession->handle(Object(Illuminate\Http\Request), Object(Closure))
#38 C:\Users\Francis\Roaming\Myadmin\vendor\compiled.php(10785): Illuminate\Pipeline\Pipeline->Illuminate\Pipeline\{closure}(Object(Illuminate\Http\Request))
#39 C:\Users\Francis\Roaming\Myadmin\vendor\compiled.php(8944): Illuminate\Session\Middleware\StartSession->handle(Object(Illuminate\Http\Request), Object(Closure))
#40 C:\Users\Francis\Roaming\Myadmin\vendor\compiled.php(11789): Illuminate\Pipeline\Pipeline->Illuminate\Pipeline\{closure}(Object(Illuminate\Http\Request))
#41 C:\Users\Francis\Roaming\Myadmin\vendor\compiled.php(8944): Illuminate\Cookie\Middleware\AddQueuedCookiesToResponse->handle(Object(Illuminate\Http\Request), Object(Closure))
#42 C:\Users\Francis\Roaming\Myadmin\vendor\compiled.php(11738): Illuminate\Pipeline\Pipeline->Illuminate\Pipeline\{closure}(Object(Illuminate\Http\Request))
#43 C:\Users\Francis\Roaming\Myadmin\vendor\compiled.php(8944): Illuminate\Cookie\Middleware\EncryptCookies->handle(Object(Illuminate\Http\Request), Object(Closure))
#44 C:\Users\Francis\Roaming\Myadmin\vendor\compiled.php(2478): Illuminate\Pipeline\Pipeline->Illuminate\Pipeline\{closure}(Object(Illuminate\Http\Request))
#45 C:\Users\Francis\Roaming\Myadmin\vendor\compiled.php(8944): Illuminate\Foundation\Http\Middleware\CheckForMaintenanceMode->handle(Object(Illuminate\Http\Request), Object(Closure))
#46 [internal function]: Illuminate\Pipeline\Pipeline->Illuminate\Pipeline\{closure}(Object(Illuminate\Http\Request))
#47 C:\Users\Francis\Roaming\Myadmin\vendor\compiled.php(8935): call_user_func(Object(Closure), Object(Illuminate\Http\Request))
#48 C:\Users\Francis\Roaming\Myadmin\vendor\compiled.php(1891): Illuminate\Pipeline\Pipeline->then(Object(Closure))
#49 C:\Users\Francis\Roaming\Myadmin\vendor\compiled.php(1880): Illuminate\Foundation\Http\Kernel->sendRequestThroughRouter(Object(Illuminate\Http\Request))
#50 C:\Users\Francis\Roaming\Myadmin\public\index.php(53): Illuminate\Foundation\Http\Kernel->handle(Object(Illuminate\Http\Request))
#51 {main}  
[2017-04-27 11:41:19] local.ERROR: exception 'PDOException' with message 'SQLSTATE[HY000] [2002] A connection attempt failed because the connected party did not properly respond after a period of time or established connection failed because connected host has failed to respond.
' in C:\Users\Francis\Roaming\Myadmin\vendor\laravel\framework\src\Illuminate\Database\Connectors\Connector.php:47
Stack trace:
#0 C:\Users\Francis\Roaming\Myadmin\vendor\laravel\framework\src\Illuminate\Database\Connectors\Connector.php(47): PDO->__construct('mysql:host=35.1...', 'francis.kornu', '31ae91f4bdaf216...', Array)
#1 C:\Users\Francis\Roaming\Myadmin\vendor\laravel\framework\src\Illuminate\Database\Connectors\MySqlConnector.php(20): Illuminate\Database\Connectors\Connector->createConnection('mysql:host=35.1...', Array, Array)
#2 C:\Users\Francis\Roaming\Myadmin\vendor\compiled.php(10673): Illuminate\Database\Connectors\MySqlConnector->connect(Array)
#3 C:\Users\Francis\Roaming\Myadmin\vendor\compiled.php(10669): Illuminate\Database\Connectors\ConnectionFactory->createSingleConnection(Array)
#4 C:\Users\Francis\Roaming\Myadmin\vendor\compiled.php(10587): Illuminate\Database\Connectors\ConnectionFactory->make(Array, 'mysql')
#5 C:\Users\Francis\Roaming\Myadmin\vendor\compiled.php(10542): Illuminate\Database\DatabaseManager->makeConnection('mysql')
#6 C:\Users\Francis\Roaming\Myadmin\vendor\compiled.php(10434): Illuminate\Database\DatabaseManager->connection(NULL)
#7 C:\Users\Francis\Roaming\Myadmin\vendor\compiled.php(10421): Illuminate\Database\Eloquent\Model::resolveConnection(NULL)
#8 C:\Users\Francis\Roaming\Myadmin\vendor\compiled.php(9921): Illuminate\Database\Eloquent\Model->getConnection()
#9 C:\Users\Francis\Roaming\Myadmin\vendor\compiled.php(9898): Illuminate\Database\Eloquent\Model->newBaseQueryBuilder()
#10 C:\Users\Francis\Roaming\Myadmin\vendor\compiled.php(9888): Illuminate\Database\Eloquent\Model->newQueryWithoutScopes()
#11 C:\Users\Francis\Roaming\Myadmin\vendor\compiled.php(704): Illuminate\Database\Eloquent\Model->newQuery()
#12 C:\Users\Francis\Roaming\Myadmin\vendor\compiled.php(417): Illuminate\Auth\EloquentUserProvider->retrieveById(1)
#13 C:\Users\Francis\Roaming\Myadmin\vendor\compiled.php(400): Illuminate\Auth\Guard->user()
#14 C:\Users\Francis\Roaming\Myadmin\app\Http\Middleware\RedirectIfAuthenticated.php(36): Illuminate\Auth\Guard->check()
#15 C:\Users\Francis\Roaming\Myadmin\vendor\compiled.php(8944): App\Http\Middleware\RedirectIfAuthenticated->handle(Object(Illuminate\Http\Request), Object(Closure))
#16 [internal function]: Illuminate\Pipeline\Pipeline->Illuminate\Pipeline\{closure}(Object(Illuminate\Http\Request))
#17 C:\Users\Francis\Roaming\Myadmin\vendor\compiled.php(8935): call_user_func(Object(Closure), Object(Illuminate\Http\Request))
#18 C:\Users\Francis\Roaming\Myadmin\vendor\compiled.php(8334): Illuminate\Pipeline\Pipeline->then(Object(Closure))
#19 C:\Users\Francis\Roaming\Myadmin\vendor\compiled.php(8320): Illuminate\Routing\ControllerDispatcher->callWithinStack(Object(App\Http\Controllers\WelcomeController), Object(Illuminate\Routing\Route), Object(Illuminate\Http\Request), 'index')
#20 C:\Users\Francis\Roaming\Myadmin\vendor\compiled.php(7317): Illuminate\Routing\ControllerDispatcher->dispatch(Object(Illuminate\Routing\Route), Object(Illuminate\Http\Request), 'App\\Http\\Contro...', 'index')
#21 C:\Users\Francis\Roaming\Myadmin\vendor\compiled.php(7288): Illuminate\Routing\Route->runWithCustomDispatcher(Object(Illuminate\Http\Request))
#22 C:\Users\Francis\Roaming\Myadmin\vendor\compiled.php(6954): Illuminate\Routing\Route->run(Object(Illuminate\Http\Request))
#23 [internal function]: Illuminate\Routing\Router->Illuminate\Routing\{closure}(Object(Illuminate\Http\Request))
#24 C:\Users\Francis\Roaming\Myadmin\vendor\compiled.php(8952): call_user_func(Object(Closure), Object(Illuminate\Http\Request))
#25 [internal function]: Illuminate\Pipeline\Pipeline->Illuminate\Pipeline\{closure}(Object(Illuminate\Http\Request))
#26 C:\Users\Francis\Roaming\Myadmin\vendor\compiled.php(8935): call_user_func(Object(Closure), Object(Illuminate\Http\Request))
#27 C:\Users\Francis\Roaming\Myadmin\vendor\compiled.php(6955): Illuminate\Pipeline\Pipeline->then(Object(Closure))
#28 C:\Users\Francis\Roaming\Myadmin\vendor\compiled.php(6944): Illuminate\Routing\Router->runRouteWithinStack(Object(Illuminate\Routing\Route), Object(Illuminate\Http\Request))
#29 C:\Users\Francis\Roaming\Myadmin\vendor\compiled.php(6929): Illuminate\Routing\Router->dispatchToRoute(Object(Illuminate\Http\Request))
#30 C:\Users\Francis\Roaming\Myadmin\vendor\compiled.php(1935): Illuminate\Routing\Router->dispatch(Object(Illuminate\Http\Request))
#31 [internal function]: Illuminate\Foundation\Http\Kernel->Illuminate\Foundation\Http\{closure}(Object(Illuminate\Http\Request))
#32 C:\Users\Francis\Roaming\Myadmin\vendor\compiled.php(8952): call_user_func(Object(Closure), Object(Illuminate\Http\Request))
#33 C:\Users\Francis\Roaming\Myadmin\vendor\compiled.php(2438): Illuminate\Pipeline\Pipeline->Illuminate\Pipeline\{closure}(Object(Illuminate\Http\Request))
#34 C:\Users\Francis\Roaming\Myadmin\app\Http\Middleware\VerifyCsrfToken.php(17): Illuminate\Foundation\Http\Middleware\VerifyCsrfToken->handle(Object(Illuminate\Http\Request), Object(Closure))
#35 C:\Users\Francis\Roaming\Myadmin\vendor\compiled.php(8944): App\Http\Middleware\VerifyCsrfToken->handle(Object(Illuminate\Http\Request), Object(Closure))
#36 C:\Users\Francis\Roaming\Myadmin\vendor\compiled.php(12083): Illuminate\Pipeline\Pipeline->Illuminate\Pipeline\{closure}(Object(Illuminate\Http\Request))
#37 C:\Users\Francis\Roaming\Myadmin\vendor\compiled.php(8944): Illuminate\View\Middleware\ShareErrorsFromSession->handle(Object(Illuminate\Http\Request), Object(Closure))
#38 C:\Users\Francis\Roaming\Myadmin\vendor\compiled.php(10785): Illuminate\Pipeline\Pipeline->Illuminate\Pipeline\{closure}(Object(Illuminate\Http\Request))
#39 C:\Users\Francis\Roaming\Myadmin\vendor\compiled.php(8944): Illuminate\Session\Middleware\StartSession->handle(Object(Illuminate\Http\Request), Object(Closure))
#40 C:\Users\Francis\Roaming\Myadmin\vendor\compiled.php(11789): Illuminate\Pipeline\Pipeline->Illuminate\Pipeline\{closure}(Object(Illuminate\Http\Request))
#41 C:\Users\Francis\Roaming\Myadmin\vendor\compiled.php(8944): Illuminate\Cookie\Middleware\AddQueuedCookiesToResponse->handle(Object(Illuminate\Http\Request), Object(Closure))
#42 C:\Users\Francis\Roaming\Myadmin\vendor\compiled.php(11738): Illuminate\Pipeline\Pipeline->Illuminate\Pipeline\{closure}(Object(Illuminate\Http\Request))
#43 C:\Users\Francis\Roaming\Myadmin\vendor\compiled.php(8944): Illuminate\Cookie\Middleware\EncryptCookies->handle(Object(Illuminate\Http\Request), Object(Closure))
#44 C:\Users\Francis\Roaming\Myadmin\vendor\compiled.php(2478): Illuminate\Pipeline\Pipeline->Illuminate\Pipeline\{closure}(Object(Illuminate\Http\Request))
#45 C:\Users\Francis\Roaming\Myadmin\vendor\compiled.php(8944): Illuminate\Foundation\Http\Middleware\CheckForMaintenanceMode->handle(Object(Illuminate\Http\Request), Object(Closure))
#46 [internal function]: Illuminate\Pipeline\Pipeline->Illuminate\Pipeline\{closure}(Object(Illuminate\Http\Request))
#47 C:\Users\Francis\Roaming\Myadmin\vendor\compiled.php(8935): call_user_func(Object(Closure), Object(Illuminate\Http\Request))
#48 C:\Users\Francis\Roaming\Myadmin\vendor\compiled.php(1891): Illuminate\Pipeline\Pipeline->then(Object(Closure))
#49 C:\Users\Francis\Roaming\Myadmin\vendor\compiled.php(1880): Illuminate\Foundation\Http\Kernel->sendRequestThroughRouter(Object(Illuminate\Http\Request))
#50 C:\Users\Francis\Roaming\Myadmin\public\index.php(53): Illuminate\Foundation\Http\Kernel->handle(Object(Illuminate\Http\Request))
#51 {main}  
