[2017-04-26 11:56:57] local.ERROR: exception 'Symfony\Component\Debug\Exception\FatalErrorException' with message 'syntax error, unexpected end of file' in C:\Users\Francis\Roaming\Myadmin\storage\framework\views\436b80541d29cdc66ad7cdd6e2b88bf2:52
Stack trace:
#0 {main}  
[2017-04-26 13:52:54] local.ERROR: exception 'PDOException' with message 'SQLSTATE[42000]: Syntax error or access violation: 1064 You have an error in your SQL syntax; check the manual that corresponds to your MariaDB server version for the right syntax to use near 's ceremony',regular_ticket=150,vip_ticket=250, original_number=200, updated_at=N' at line 1' in C:\Users\Francis\Roaming\Myadmin\vendor\laravel\framework\src\Illuminate\Database\Connection.php:288
Stack trace:
#0 C:\Users\Francis\Roaming\Myadmin\vendor\laravel\framework\src\Illuminate\Database\Connection.php(288): PDO->prepare('UPDATE event_fo...')
#1 C:\Users\Francis\Roaming\Myadmin\vendor\laravel\framework\src\Illuminate\Database\Connection.php(612): Illuminate\Database\Connection->Illuminate\Database\{closure}(Object(Illuminate\Database\MySqlConnection), Object(Illuminate\Database\Query\Expression), Array)
#2 C:\Users\Francis\Roaming\Myadmin\vendor\laravel\framework\src\Illuminate\Database\Connection.php(576): Illuminate\Database\Connection->runQueryCallback(Object(Illuminate\Database\Query\Expression), Array, Object(Closure))
#3 C:\Users\Francis\Roaming\Myadmin\vendor\laravel\framework\src\Illuminate\Database\Connection.php(293): Illuminate\Database\Connection->run(Object(Illuminate\Database\Query\Expression), Array, Object(Closure))
#4 [internal function]: Illuminate\Database\Connection->select(Object(Illuminate\Database\Query\Expression))
#5 C:\Users\Francis\Roaming\Myadmin\vendor\compiled.php(10636): call_user_func_array(Array, Array)
#6 C:\Users\Francis\Roaming\Myadmin\vendor\compiled.php(5301): Illuminate\Database\DatabaseManager->__call('select', Array)
#7 C:\Users\Francis\Roaming\Myadmin\vendor\compiled.php(5301): Illuminate\Database\DatabaseManager->select(Object(Illuminate\Database\Query\Expression))
#8 C:\Users\Francis\Roaming\Myadmin\app\Http\Controllers\EventController.php(47): Illuminate\Support\Facades\Facade::__callStatic('select', Array)
#9 C:\Users\Francis\Roaming\Myadmin\app\Http\Controllers\EventController.php(47): Illuminate\Support\Facades\DB::select(Object(Illuminate\Database\Query\Expression))
#10 [internal function]: App\Http\Controllers\EventController->store(Object(Illuminate\Http\Request))
#11 C:\Users\Francis\Roaming\Myadmin\vendor\compiled.php(8287): call_user_func_array(Array, Array)
#12 C:\Users\Francis\Roaming\Myadmin\vendor\compiled.php(8354): Illuminate\Routing\Controller->callAction('store', Array)
#13 C:\Users\Francis\Roaming\Myadmin\vendor\compiled.php(8333): Illuminate\Routing\ControllerDispatcher->call(Object(App\Http\Controllers\EventController), Object(Illuminate\Routing\Route), 'store')
#14 [internal function]: Illuminate\Routing\ControllerDispatcher->Illuminate\Routing\{closure}(Object(Illuminate\Http\Request))
#15 C:\Users\Francis\Roaming\Myadmin\vendor\compiled.php(8952): call_user_func(Object(Closure), Object(Illuminate\Http\Request))
#16 [internal function]: Illuminate\Pipeline\Pipeline->Illuminate\Pipeline\{closure}(Object(Illuminate\Http\Request))
#17 C:\Users\Francis\Roaming\Myadmin\vendor\compiled.php(8935): call_user_func(Object(Closure), Object(Illuminate\Http\Request))
#18 C:\Users\Francis\Roaming\Myadmin\vendor\compiled.php(8334): Illuminate\Pipeline\Pipeline->then(Object(Closure))
#19 C:\Users\Francis\Roaming\Myadmin\vendor\compiled.php(8320): Illuminate\Routing\ControllerDispatcher->callWithinStack(Object(App\Http\Controllers\EventController), Object(Illuminate\Routing\Route), Object(Illuminate\Http\Request), 'store')
#20 C:\Users\Francis\Roaming\Myadmin\vendor\compiled.php(7317): Illuminate\Routing\ControllerDispatcher->dispatch(Object(Illuminate\Routing\Route), Object(Illuminate\Http\Request), 'App\\Http\\Contro...', 'store')
#21 C:\Users\Francis\Roaming\Myadmin\vendor\compiled.php(7288): Illuminate\Routing\Route->runWithCustomDispatcher(Object(Illuminate\Http\Request))
#22 C:\Users\Francis\Roaming\Myadmin\vendor\compiled.php(6954): Illuminate\Routing\Route->run(Object(Illuminate\Http\Request))
#23 [internal function]: Illuminate\Routing\Router->Illuminate\Routing\{closure}(Object(Illuminate\Http\Request))
#24 C:\Users\Francis\Roaming\Myadmin\vendor\compiled.php(8952): call_user_func(Object(Closure), Object(Illuminate\Http\Request))
#25 [internal function]: Illuminate\Pipeline\Pipeline->Illuminate\Pipeline\{closure}(Object(Illuminate\Http\Request))
#26 C:\Users\Francis\Roaming\Myadmin\vendor\compiled.php(8935): call_user_func(Object(Closure), Object(Illuminate\Http\Request))
#27 C:\Users\Francis\Roaming\Myadmin\vendor\compiled.php(6955): Illuminate\Pipeline\Pipeline->then(Object(Closure))
#28 C:\Users\Francis\Roaming\Myadmin\vendor\compiled.php(6944): Illuminate\Routing\Router->runRouteWithinStack(Object(Illuminate\Routing\Route), Object(Illuminate\Http\Request))
#29 C:\Users\Francis\Roaming\Myadmin\vendor\compiled.php(6929): Illuminate\Routing\Router->dispatchToRoute(Object(Illuminate\Http\Request))
#30 C:\Users\Francis\Roaming\Myadmin\vendor\compiled.php(1935): Illuminate\Routing\Router->dispatch(Object(Illuminate\Http\Request))
#31 [internal function]: Illuminate\Foundation\Http\Kernel->Illuminate\Foundation\Http\{closure}(Object(Illuminate\Http\Request))
#32 C:\Users\Francis\Roaming\Myadmin\vendor\compiled.php(8952): call_user_func(Object(Closure), Object(Illuminate\Http\Request))
#33 C:\Users\Francis\Roaming\Myadmin\vendor\compiled.php(2438): Illuminate\Pipeline\Pipeline->Illuminate\Pipeline\{closure}(Object(Illuminate\Http\Request))
#34 C:\Users\Francis\Roaming\Myadmin\app\Http\Middleware\VerifyCsrfToken.php(17): Illuminate\Foundation\Http\Middleware\VerifyCsrfToken->handle(Object(Illuminate\Http\Request), Object(Closure))
#35 C:\Users\Francis\Roaming\Myadmin\vendor\compiled.php(8944): App\Http\Middleware\VerifyCsrfToken->handle(Object(Illuminate\Http\Request), Object(Closure))
#36 C:\Users\Francis\Roaming\Myadmin\vendor\compiled.php(12083): Illuminate\Pipeline\Pipeline->Illuminate\Pipeline\{closure}(Object(Illuminate\Http\Request))
#37 C:\Users\Francis\Roaming\Myadmin\vendor\compiled.php(8944): Illuminate\View\Middleware\ShareErrorsFromSession->handle(Object(Illuminate\Http\Request), Object(Closure))
#38 C:\Users\Francis\Roaming\Myadmin\vendor\compiled.php(10785): Illuminate\Pipeline\Pipeline->Illuminate\Pipeline\{closure}(Object(Illuminate\Http\Request))
#39 C:\Users\Francis\Roaming\Myadmin\vendor\compiled.php(8944): Illuminate\Session\Middleware\StartSession->handle(Object(Illuminate\Http\Request), Object(Closure))
#40 C:\Users\Francis\Roaming\Myadmin\vendor\compiled.php(11789): Illuminate\Pipeline\Pipeline->Illuminate\Pipeline\{closure}(Object(Illuminate\Http\Request))
#41 C:\Users\Francis\Roaming\Myadmin\vendor\compiled.php(8944): Illuminate\Cookie\Middleware\AddQueuedCookiesToResponse->handle(Object(Illuminate\Http\Request), Object(Closure))
#42 C:\Users\Francis\Roaming\Myadmin\vendor\compiled.php(11738): Illuminate\Pipeline\Pipeline->Illuminate\Pipeline\{closure}(Object(Illuminate\Http\Request))
#43 C:\Users\Francis\Roaming\Myadmin\vendor\compiled.php(8944): Illuminate\Cookie\Middleware\EncryptCookies->handle(Object(Illuminate\Http\Request), Object(Closure))
#44 C:\Users\Francis\Roaming\Myadmin\vendor\compiled.php(2478): Illuminate\Pipeline\Pipeline->Illuminate\Pipeline\{closure}(Object(Illuminate\Http\Request))
#45 C:\Users\Francis\Roaming\Myadmin\vendor\compiled.php(8944): Illuminate\Foundation\Http\Middleware\CheckForMaintenanceMode->handle(Object(Illuminate\Http\Request), Object(Closure))
#46 [internal function]: Illuminate\Pipeline\Pipeline->Illuminate\Pipeline\{closure}(Object(Illuminate\Http\Request))
#47 C:\Users\Francis\Roaming\Myadmin\vendor\compiled.php(8935): call_user_func(Object(Closure), Object(Illuminate\Http\Request))
#48 C:\Users\Francis\Roaming\Myadmin\vendor\compiled.php(1891): Illuminate\Pipeline\Pipeline->then(Object(Closure))
#49 C:\Users\Francis\Roaming\Myadmin\vendor\compiled.php(1880): Illuminate\Foundation\Http\Kernel->sendRequestThroughRouter(Object(Illuminate\Http\Request))
#50 C:\Users\Francis\Roaming\Myadmin\public\index.php(53): Illuminate\Foundation\Http\Kernel->handle(Object(Illuminate\Http\Request))
#51 {main}

Next exception 'Illuminate\Database\QueryException' with message 'SQLSTATE[42000]: Syntax error or access violation: 1064 You have an error in your SQL syntax; check the manual that corresponds to your MariaDB server version for the right syntax to use near 's ceremony',regular_ticket=150,vip_ticket=250, original_number=200, updated_at=N' at line 1 (SQL: UPDATE event_folders set name='The Grammes', description='The best award's ceremony',regular_ticket=150,vip_ticket=250, original_number=200, updated_at=NOW() WHERE id= 1)' in C:\Users\Francis\Roaming\Myadmin\vendor\laravel\framework\src\Illuminate\Database\Connection.php:620
Stack trace:
#0 C:\Users\Francis\Roaming\Myadmin\vendor\laravel\framework\src\Illuminate\Database\Connection.php(576): Illuminate\Database\Connection->runQueryCallback(Object(Illuminate\Database\Query\Expression), Array, Object(Closure))
#1 C:\Users\Francis\Roaming\Myadmin\vendor\laravel\framework\src\Illuminate\Database\Connection.php(293): Illuminate\Database\Connection->run(Object(Illuminate\Database\Query\Expression), Array, Object(Closure))
#2 [internal function]: Illuminate\Database\Connection->select(Object(Illuminate\Database\Query\Expression))
#3 C:\Users\Francis\Roaming\Myadmin\vendor\compiled.php(10636): call_user_func_array(Array, Array)
#4 C:\Users\Francis\Roaming\Myadmin\vendor\compiled.php(5301): Illuminate\Database\DatabaseManager->__call('select', Array)
#5 C:\Users\Francis\Roaming\Myadmin\vendor\compiled.php(5301): Illuminate\Database\DatabaseManager->select(Object(Illuminate\Database\Query\Expression))
#6 C:\Users\Francis\Roaming\Myadmin\app\Http\Controllers\EventController.php(47): Illuminate\Support\Facades\Facade::__callStatic('select', Array)
#7 C:\Users\Francis\Roaming\Myadmin\app\Http\Controllers\EventController.php(47): Illuminate\Support\Facades\DB::select(Object(Illuminate\Database\Query\Expression))
#8 [internal function]: App\Http\Controllers\EventController->store(Object(Illuminate\Http\Request))
#9 C:\Users\Francis\Roaming\Myadmin\vendor\compiled.php(8287): call_user_func_array(Array, Array)
#10 C:\Users\Francis\Roaming\Myadmin\vendor\compiled.php(8354): Illuminate\Routing\Controller->callAction('store', Array)
#11 C:\Users\Francis\Roaming\Myadmin\vendor\compiled.php(8333): Illuminate\Routing\ControllerDispatcher->call(Object(App\Http\Controllers\EventController), Object(Illuminate\Routing\Route), 'store')
#12 [internal function]: Illuminate\Routing\ControllerDispatcher->Illuminate\Routing\{closure}(Object(Illuminate\Http\Request))
#13 C:\Users\Francis\Roaming\Myadmin\vendor\compiled.php(8952): call_user_func(Object(Closure), Object(Illuminate\Http\Request))
#14 [internal function]: Illuminate\Pipeline\Pipeline->Illuminate\Pipeline\{closure}(Object(Illuminate\Http\Request))
#15 C:\Users\Francis\Roaming\Myadmin\vendor\compiled.php(8935): call_user_func(Object(Closure), Object(Illuminate\Http\Request))
#16 C:\Users\Francis\Roaming\Myadmin\vendor\compiled.php(8334): Illuminate\Pipeline\Pipeline->then(Object(Closure))
#17 C:\Users\Francis\Roaming\Myadmin\vendor\compiled.php(8320): Illuminate\Routing\ControllerDispatcher->callWithinStack(Object(App\Http\Controllers\EventController), Object(Illuminate\Routing\Route), Object(Illuminate\Http\Request), 'store')
#18 C:\Users\Francis\Roaming\Myadmin\vendor\compiled.php(7317): Illuminate\Routing\ControllerDispatcher->dispatch(Object(Illuminate\Routing\Route), Object(Illuminate\Http\Request), 'App\\Http\\Contro...', 'store')
#19 C:\Users\Francis\Roaming\Myadmin\vendor\compiled.php(7288): Illuminate\Routing\Route->runWithCustomDispatcher(Object(Illuminate\Http\Request))
#20 C:\Users\Francis\Roaming\Myadmin\vendor\compiled.php(6954): Illuminate\Routing\Route->run(Object(Illuminate\Http\Request))
#21 [internal function]: Illuminate\Routing\Router->Illuminate\Routing\{closure}(Object(Illuminate\Http\Request))
#22 C:\Users\Francis\Roaming\Myadmin\vendor\compiled.php(8952): call_user_func(Object(Closure), Object(Illuminate\Http\Request))
#23 [internal function]: Illuminate\Pipeline\Pipeline->Illuminate\Pipeline\{closure}(Object(Illuminate\Http\Request))
#24 C:\Users\Francis\Roaming\Myadmin\vendor\compiled.php(8935): call_user_func(Object(Closure), Object(Illuminate\Http\Request))
#25 C:\Users\Francis\Roaming\Myadmin\vendor\compiled.php(6955): Illuminate\Pipeline\Pipeline->then(Object(Closure))
#26 C:\Users\Francis\Roaming\Myadmin\vendor\compiled.php(6944): Illuminate\Routing\Router->runRouteWithinStack(Object(Illuminate\Routing\Route), Object(Illuminate\Http\Request))
#27 C:\Users\Francis\Roaming\Myadmin\vendor\compiled.php(6929): Illuminate\Routing\Router->dispatchToRoute(Object(Illuminate\Http\Request))
#28 C:\Users\Francis\Roaming\Myadmin\vendor\compiled.php(1935): Illuminate\Routing\Router->dispatch(Object(Illuminate\Http\Request))
#29 [internal function]: Illuminate\Foundation\Http\Kernel->Illuminate\Foundation\Http\{closure}(Object(Illuminate\Http\Request))
#30 C:\Users\Francis\Roaming\Myadmin\vendor\compiled.php(8952): call_user_func(Object(Closure), Object(Illuminate\Http\Request))
#31 C:\Users\Francis\Roaming\Myadmin\vendor\compiled.php(2438): Illuminate\Pipeline\Pipeline->Illuminate\Pipeline\{closure}(Object(Illuminate\Http\Request))
#32 C:\Users\Francis\Roaming\Myadmin\app\Http\Middleware\VerifyCsrfToken.php(17): Illuminate\Foundation\Http\Middleware\VerifyCsrfToken->handle(Object(Illuminate\Http\Request), Object(Closure))
#33 C:\Users\Francis\Roaming\Myadmin\vendor\compiled.php(8944): App\Http\Middleware\VerifyCsrfToken->handle(Object(Illuminate\Http\Request), Object(Closure))
#34 C:\Users\Francis\Roaming\Myadmin\vendor\compiled.php(12083): Illuminate\Pipeline\Pipeline->Illuminate\Pipeline\{closure}(Object(Illuminate\Http\Request))
#35 C:\Users\Francis\Roaming\Myadmin\vendor\compiled.php(8944): Illuminate\View\Middleware\ShareErrorsFromSession->handle(Object(Illuminate\Http\Request), Object(Closure))
#36 C:\Users\Francis\Roaming\Myadmin\vendor\compiled.php(10785): Illuminate\Pipeline\Pipeline->Illuminate\Pipeline\{closure}(Object(Illuminate\Http\Request))
#37 C:\Users\Francis\Roaming\Myadmin\vendor\compiled.php(8944): Illuminate\Session\Middleware\StartSession->handle(Object(Illuminate\Http\Request), Object(Closure))
#38 C:\Users\Francis\Roaming\Myadmin\vendor\compiled.php(11789): Illuminate\Pipeline\Pipeline->Illuminate\Pipeline\{closure}(Object(Illuminate\Http\Request))
#39 C:\Users\Francis\Roaming\Myadmin\vendor\compiled.php(8944): Illuminate\Cookie\Middleware\AddQueuedCookiesToResponse->handle(Object(Illuminate\Http\Request), Object(Closure))
#40 C:\Users\Francis\Roaming\Myadmin\vendor\compiled.php(11738): Illuminate\Pipeline\Pipeline->Illuminate\Pipeline\{closure}(Object(Illuminate\Http\Request))
#41 C:\Users\Francis\Roaming\Myadmin\vendor\compiled.php(8944): Illuminate\Cookie\Middleware\EncryptCookies->handle(Object(Illuminate\Http\Request), Object(Closure))
#42 C:\Users\Francis\Roaming\Myadmin\vendor\compiled.php(2478): Illuminate\Pipeline\Pipeline->Illuminate\Pipeline\{closure}(Object(Illuminate\Http\Request))
#43 C:\Users\Francis\Roaming\Myadmin\vendor\compiled.php(8944): Illuminate\Foundation\Http\Middleware\CheckForMaintenanceMode->handle(Object(Illuminate\Http\Request), Object(Closure))
#44 [internal function]: Illuminate\Pipeline\Pipeline->Illuminate\Pipeline\{closure}(Object(Illuminate\Http\Request))
#45 C:\Users\Francis\Roaming\Myadmin\vendor\compiled.php(8935): call_user_func(Object(Closure), Object(Illuminate\Http\Request))
#46 C:\Users\Francis\Roaming\Myadmin\vendor\compiled.php(1891): Illuminate\Pipeline\Pipeline->then(Object(Closure))
#47 C:\Users\Francis\Roaming\Myadmin\vendor\compiled.php(1880): Illuminate\Foundation\Http\Kernel->sendRequestThroughRouter(Object(Illuminate\Http\Request))
#48 C:\Users\Francis\Roaming\Myadmin\public\index.php(53): Illuminate\Foundation\Http\Kernel->handle(Object(Illuminate\Http\Request))
#49 {main}  
[2017-04-26 14:27:40] local.ERROR: exception 'ErrorException' with message 'Undefined property: stdClass::$number' in C:\Users\Francis\Roaming\Myadmin\storage\framework\views\53d1a2df6353b6f0e96d7951d4545bf8:36
Stack trace:
#0 C:\Users\Francis\Roaming\Myadmin\storage\framework\views\53d1a2df6353b6f0e96d7951d4545bf8(36): Illuminate\Foundation\Bootstrap\HandleExceptions->handleError(8, 'Undefined prope...', 'C:\\Users\\Franci...', 36, Array)
#1 C:\Users\Francis\Roaming\Myadmin\vendor\compiled.php(13650): include('C:\\Users\\Franci...')
#2 C:\Users\Francis\Roaming\Myadmin\vendor\compiled.php(13683): Illuminate\View\Engines\PhpEngine->evaluatePath('C:\\Users\\Franci...', Array)
#3 C:\Users\Francis\Roaming\Myadmin\vendor\compiled.php(13523): Illuminate\View\Engines\CompilerEngine->get('C:\\Users\\Franci...', Array)
#4 C:\Users\Francis\Roaming\Myadmin\vendor\compiled.php(13510): Illuminate\View\View->getContents()
#5 C:\Users\Francis\Roaming\Myadmin\vendor\compiled.php(13501): Illuminate\View\View->renderContents()
#6 C:\Users\Francis\Roaming\Myadmin\vendor\compiled.php(14597): Illuminate\View\View->render()
#7 C:\Users\Francis\Roaming\Myadmin\vendor\compiled.php(14126): Illuminate\Http\Response->setContent(Object(Illuminate\View\View))
#8 C:\Users\Francis\Roaming\Myadmin\vendor\compiled.php(7154): Symfony\Component\HttpFoundation\Response->__construct(Object(Illuminate\View\View))
#9 C:\Users\Francis\Roaming\Myadmin\vendor\compiled.php(6954): Illuminate\Routing\Router->prepareResponse(Object(Illuminate\Http\Request), Object(Illuminate\View\View))
#10 [internal function]: Illuminate\Routing\Router->Illuminate\Routing\{closure}(Object(Illuminate\Http\Request))
#11 C:\Users\Francis\Roaming\Myadmin\vendor\compiled.php(8952): call_user_func(Object(Closure), Object(Illuminate\Http\Request))
#12 [internal function]: Illuminate\Pipeline\Pipeline->Illuminate\Pipeline\{closure}(Object(Illuminate\Http\Request))
#13 C:\Users\Francis\Roaming\Myadmin\vendor\compiled.php(8935): call_user_func(Object(Closure), Object(Illuminate\Http\Request))
#14 C:\Users\Francis\Roaming\Myadmin\vendor\compiled.php(6955): Illuminate\Pipeline\Pipeline->then(Object(Closure))
#15 C:\Users\Francis\Roaming\Myadmin\vendor\compiled.php(6944): Illuminate\Routing\Router->runRouteWithinStack(Object(Illuminate\Routing\Route), Object(Illuminate\Http\Request))
#16 C:\Users\Francis\Roaming\Myadmin\vendor\compiled.php(6929): Illuminate\Routing\Router->dispatchToRoute(Object(Illuminate\Http\Request))
#17 C:\Users\Francis\Roaming\Myadmin\vendor\compiled.php(1935): Illuminate\Routing\Router->dispatch(Object(Illuminate\Http\Request))
#18 [internal function]: Illuminate\Foundation\Http\Kernel->Illuminate\Foundation\Http\{closure}(Object(Illuminate\Http\Request))
#19 C:\Users\Francis\Roaming\Myadmin\vendor\compiled.php(8952): call_user_func(Object(Closure), Object(Illuminate\Http\Request))
#20 C:\Users\Francis\Roaming\Myadmin\vendor\compiled.php(2438): Illuminate\Pipeline\Pipeline->Illuminate\Pipeline\{closure}(Object(Illuminate\Http\Request))
#21 C:\Users\Francis\Roaming\Myadmin\app\Http\Middleware\VerifyCsrfToken.php(17): Illuminate\Foundation\Http\Middleware\VerifyCsrfToken->handle(Object(Illuminate\Http\Request), Object(Closure))
#22 C:\Users\Francis\Roaming\Myadmin\vendor\compiled.php(8944): App\Http\Middleware\VerifyCsrfToken->handle(Object(Illuminate\Http\Request), Object(Closure))
#23 C:\Users\Francis\Roaming\Myadmin\vendor\compiled.php(12083): Illuminate\Pipeline\Pipeline->Illuminate\Pipeline\{closure}(Object(Illuminate\Http\Request))
#24 C:\Users\Francis\Roaming\Myadmin\vendor\compiled.php(8944): Illuminate\View\Middleware\ShareErrorsFromSession->handle(Object(Illuminate\Http\Request), Object(Closure))
#25 C:\Users\Francis\Roaming\Myadmin\vendor\compiled.php(10785): Illuminate\Pipeline\Pipeline->Illuminate\Pipeline\{closure}(Object(Illuminate\Http\Request))
#26 C:\Users\Francis\Roaming\Myadmin\vendor\compiled.php(8944): Illuminate\Session\Middleware\StartSession->handle(Object(Illuminate\Http\Request), Object(Closure))
#27 C:\Users\Francis\Roaming\Myadmin\vendor\compiled.php(11789): Illuminate\Pipeline\Pipeline->Illuminate\Pipeline\{closure}(Object(Illuminate\Http\Request))
#28 C:\Users\Francis\Roaming\Myadmin\vendor\compiled.php(8944): Illuminate\Cookie\Middleware\AddQueuedCookiesToResponse->handle(Object(Illuminate\Http\Request), Object(Closure))
#29 C:\Users\Francis\Roaming\Myadmin\vendor\compiled.php(11738): Illuminate\Pipeline\Pipeline->Illuminate\Pipeline\{closure}(Object(Illuminate\Http\Request))
#30 C:\Users\Francis\Roaming\Myadmin\vendor\compiled.php(8944): Illuminate\Cookie\Middleware\EncryptCookies->handle(Object(Illuminate\Http\Request), Object(Closure))
#31 C:\Users\Francis\Roaming\Myadmin\vendor\compiled.php(2478): Illuminate\Pipeline\Pipeline->Illuminate\Pipeline\{closure}(Object(Illuminate\Http\Request))
#32 C:\Users\Francis\Roaming\Myadmin\vendor\compiled.php(8944): Illuminate\Foundation\Http\Middleware\CheckForMaintenanceMode->handle(Object(Illuminate\Http\Request), Object(Closure))
#33 [internal function]: Illuminate\Pipeline\Pipeline->Illuminate\Pipeline\{closure}(Object(Illuminate\Http\Request))
#34 C:\Users\Francis\Roaming\Myadmin\vendor\compiled.php(8935): call_user_func(Object(Closure), Object(Illuminate\Http\Request))
#35 C:\Users\Francis\Roaming\Myadmin\vendor\compiled.php(1891): Illuminate\Pipeline\Pipeline->then(Object(Closure))
#36 C:\Users\Francis\Roaming\Myadmin\vendor\compiled.php(1880): Illuminate\Foundation\Http\Kernel->sendRequestThroughRouter(Object(Illuminate\Http\Request))
#37 C:\Users\Francis\Roaming\Myadmin\public\index.php(53): Illuminate\Foundation\Http\Kernel->handle(Object(Illuminate\Http\Request))
#38 {main}

Next exception 'ErrorException' with message 'Undefined property: stdClass::$number (View: C:\Users\Francis\Roaming\Myadmin\resources\views\users.blade.php)' in C:\Users\Francis\Roaming\Myadmin\storage\framework\views\53d1a2df6353b6f0e96d7951d4545bf8:36
Stack trace:
#0 C:\Users\Francis\Roaming\Myadmin\vendor\compiled.php(13652): Illuminate\View\Engines\CompilerEngine->handleViewException(Object(ErrorException), 1)
#1 C:\Users\Francis\Roaming\Myadmin\vendor\compiled.php(13683): Illuminate\View\Engines\PhpEngine->evaluatePath('C:\\Users\\Franci...', Array)
#2 C:\Users\Francis\Roaming\Myadmin\vendor\compiled.php(13523): Illuminate\View\Engines\CompilerEngine->get('C:\\Users\\Franci...', Array)
#3 C:\Users\Francis\Roaming\Myadmin\vendor\compiled.php(13510): Illuminate\View\View->getContents()
#4 C:\Users\Francis\Roaming\Myadmin\vendor\compiled.php(13501): Illuminate\View\View->renderContents()
#5 C:\Users\Francis\Roaming\Myadmin\vendor\compiled.php(14597): Illuminate\View\View->render()
#6 C:\Users\Francis\Roaming\Myadmin\vendor\compiled.php(14126): Illuminate\Http\Response->setContent(Object(Illuminate\View\View))
#7 C:\Users\Francis\Roaming\Myadmin\vendor\compiled.php(7154): Symfony\Component\HttpFoundation\Response->__construct(Object(Illuminate\View\View))
#8 C:\Users\Francis\Roaming\Myadmin\vendor\compiled.php(6954): Illuminate\Routing\Router->prepareResponse(Object(Illuminate\Http\Request), Object(Illuminate\View\View))
#9 [internal function]: Illuminate\Routing\Router->Illuminate\Routing\{closure}(Object(Illuminate\Http\Request))
#10 C:\Users\Francis\Roaming\Myadmin\vendor\compiled.php(8952): call_user_func(Object(Closure), Object(Illuminate\Http\Request))
#11 [internal function]: Illuminate\Pipeline\Pipeline->Illuminate\Pipeline\{closure}(Object(Illuminate\Http\Request))
#12 C:\Users\Francis\Roaming\Myadmin\vendor\compiled.php(8935): call_user_func(Object(Closure), Object(Illuminate\Http\Request))
#13 C:\Users\Francis\Roaming\Myadmin\vendor\compiled.php(6955): Illuminate\Pipeline\Pipeline->then(Object(Closure))
#14 C:\Users\Francis\Roaming\Myadmin\vendor\compiled.php(6944): Illuminate\Routing\Router->runRouteWithinStack(Object(Illuminate\Routing\Route), Object(Illuminate\Http\Request))
#15 C:\Users\Francis\Roaming\Myadmin\vendor\compiled.php(6929): Illuminate\Routing\Router->dispatchToRoute(Object(Illuminate\Http\Request))
#16 C:\Users\Francis\Roaming\Myadmin\vendor\compiled.php(1935): Illuminate\Routing\Router->dispatch(Object(Illuminate\Http\Request))
#17 [internal function]: Illuminate\Foundation\Http\Kernel->Illuminate\Foundation\Http\{closure}(Object(Illuminate\Http\Request))
#18 C:\Users\Francis\Roaming\Myadmin\vendor\compiled.php(8952): call_user_func(Object(Closure), Object(Illuminate\Http\Request))
#19 C:\Users\Francis\Roaming\Myadmin\vendor\compiled.php(2438): Illuminate\Pipeline\Pipeline->Illuminate\Pipeline\{closure}(Object(Illuminate\Http\Request))
#20 C:\Users\Francis\Roaming\Myadmin\app\Http\Middleware\VerifyCsrfToken.php(17): Illuminate\Foundation\Http\Middleware\VerifyCsrfToken->handle(Object(Illuminate\Http\Request), Object(Closure))
#21 C:\Users\Francis\Roaming\Myadmin\vendor\compiled.php(8944): App\Http\Middleware\VerifyCsrfToken->handle(Object(Illuminate\Http\Request), Object(Closure))
#22 C:\Users\Francis\Roaming\Myadmin\vendor\compiled.php(12083): Illuminate\Pipeline\Pipeline->Illuminate\Pipeline\{closure}(Object(Illuminate\Http\Request))
#23 C:\Users\Francis\Roaming\Myadmin\vendor\compiled.php(8944): Illuminate\View\Middleware\ShareErrorsFromSession->handle(Object(Illuminate\Http\Request), Object(Closure))
#24 C:\Users\Francis\Roaming\Myadmin\vendor\compiled.php(10785): Illuminate\Pipeline\Pipeline->Illuminate\Pipeline\{closure}(Object(Illuminate\Http\Request))
#25 C:\Users\Francis\Roaming\Myadmin\vendor\compiled.php(8944): Illuminate\Session\Middleware\StartSession->handle(Object(Illuminate\Http\Request), Object(Closure))
#26 C:\Users\Francis\Roaming\Myadmin\vendor\compiled.php(11789): Illuminate\Pipeline\Pipeline->Illuminate\Pipeline\{closure}(Object(Illuminate\Http\Request))
#27 C:\Users\Francis\Roaming\Myadmin\vendor\compiled.php(8944): Illuminate\Cookie\Middleware\AddQueuedCookiesToResponse->handle(Object(Illuminate\Http\Request), Object(Closure))
#28 C:\Users\Francis\Roaming\Myadmin\vendor\compiled.php(11738): Illuminate\Pipeline\Pipeline->Illuminate\Pipeline\{closure}(Object(Illuminate\Http\Request))
#29 C:\Users\Francis\Roaming\Myadmin\vendor\compiled.php(8944): Illuminate\Cookie\Middleware\EncryptCookies->handle(Object(Illuminate\Http\Request), Object(Closure))
#30 C:\Users\Francis\Roaming\Myadmin\vendor\compiled.php(2478): Illuminate\Pipeline\Pipeline->Illuminate\Pipeline\{closure}(Object(Illuminate\Http\Request))
#31 C:\Users\Francis\Roaming\Myadmin\vendor\compiled.php(8944): Illuminate\Foundation\Http\Middleware\CheckForMaintenanceMode->handle(Object(Illuminate\Http\Request), Object(Closure))
#32 [internal function]: Illuminate\Pipeline\Pipeline->Illuminate\Pipeline\{closure}(Object(Illuminate\Http\Request))
#33 C:\Users\Francis\Roaming\Myadmin\vendor\compiled.php(8935): call_user_func(Object(Closure), Object(Illuminate\Http\Request))
#34 C:\Users\Francis\Roaming\Myadmin\vendor\compiled.php(1891): Illuminate\Pipeline\Pipeline->then(Object(Closure))
#35 C:\Users\Francis\Roaming\Myadmin\vendor\compiled.php(1880): Illuminate\Foundation\Http\Kernel->sendRequestThroughRouter(Object(Illuminate\Http\Request))
#36 C:\Users\Francis\Roaming\Myadmin\public\index.php(53): Illuminate\Foundation\Http\Kernel->handle(Object(Illuminate\Http\Request))
#37 {main}  
[2017-04-26 14:36:47] local.ERROR: exception 'PDOException' with message 'SQLSTATE[42000]: Syntax error or access violation: 1064 You have an error in your SQL syntax; check the manual that corresponds to your MariaDB server version for the right syntax to use near '' at line 2' in C:\Users\Francis\Roaming\Myadmin\vendor\laravel\framework\src\Illuminate\Database\Connection.php:288
Stack trace:
#0 C:\Users\Francis\Roaming\Myadmin\vendor\laravel\framework\src\Illuminate\Database\Connection.php(288): PDO->prepare('UPDATE users se...')
#1 C:\Users\Francis\Roaming\Myadmin\vendor\laravel\framework\src\Illuminate\Database\Connection.php(612): Illuminate\Database\Connection->Illuminate\Database\{closure}(Object(Illuminate\Database\MySqlConnection), Object(Illuminate\Database\Query\Expression), Array)
#2 C:\Users\Francis\Roaming\Myadmin\vendor\laravel\framework\src\Illuminate\Database\Connection.php(576): Illuminate\Database\Connection->runQueryCallback(Object(Illuminate\Database\Query\Expression), Array, Object(Closure))
#3 C:\Users\Francis\Roaming\Myadmin\vendor\laravel\framework\src\Illuminate\Database\Connection.php(293): Illuminate\Database\Connection->run(Object(Illuminate\Database\Query\Expression), Array, Object(Closure))
#4 [internal function]: Illuminate\Database\Connection->select(Object(Illuminate\Database\Query\Expression))
#5 C:\Users\Francis\Roaming\Myadmin\vendor\compiled.php(10636): call_user_func_array(Array, Array)
#6 C:\Users\Francis\Roaming\Myadmin\vendor\compiled.php(5301): Illuminate\Database\DatabaseManager->__call('select', Array)
#7 C:\Users\Francis\Roaming\Myadmin\vendor\compiled.php(5301): Illuminate\Database\DatabaseManager->select(Object(Illuminate\Database\Query\Expression))
#8 C:\Users\Francis\Roaming\Myadmin\app\Http\Controllers\EventController.php(78): Illuminate\Support\Facades\Facade::__callStatic('select', Array)
#9 C:\Users\Francis\Roaming\Myadmin\app\Http\Controllers\EventController.php(78): Illuminate\Support\Facades\DB::select(Object(Illuminate\Database\Query\Expression))
#10 [internal function]: App\Http\Controllers\EventController->edit(Object(Illuminate\Http\Request), '1')
#11 C:\Users\Francis\Roaming\Myadmin\vendor\compiled.php(8287): call_user_func_array(Array, Array)
#12 C:\Users\Francis\Roaming\Myadmin\vendor\compiled.php(8354): Illuminate\Routing\Controller->callAction('edit', Array)
#13 C:\Users\Francis\Roaming\Myadmin\vendor\compiled.php(8333): Illuminate\Routing\ControllerDispatcher->call(Object(App\Http\Controllers\EventController), Object(Illuminate\Routing\Route), 'edit')
#14 [internal function]: Illuminate\Routing\ControllerDispatcher->Illuminate\Routing\{closure}(Object(Illuminate\Http\Request))
#15 C:\Users\Francis\Roaming\Myadmin\vendor\compiled.php(8952): call_user_func(Object(Closure), Object(Illuminate\Http\Request))
#16 [internal function]: Illuminate\Pipeline\Pipeline->Illuminate\Pipeline\{closure}(Object(Illuminate\Http\Request))
#17 C:\Users\Francis\Roaming\Myadmin\vendor\compiled.php(8935): call_user_func(Object(Closure), Object(Illuminate\Http\Request))
#18 C:\Users\Francis\Roaming\Myadmin\vendor\compiled.php(8334): Illuminate\Pipeline\Pipeline->then(Object(Closure))
#19 C:\Users\Francis\Roaming\Myadmin\vendor\compiled.php(8320): Illuminate\Routing\ControllerDispatcher->callWithinStack(Object(App\Http\Controllers\EventController), Object(Illuminate\Routing\Route), Object(Illuminate\Http\Request), 'edit')
#20 C:\Users\Francis\Roaming\Myadmin\vendor\compiled.php(7317): Illuminate\Routing\ControllerDispatcher->dispatch(Object(Illuminate\Routing\Route), Object(Illuminate\Http\Request), 'App\\Http\\Contro...', 'edit')
#21 C:\Users\Francis\Roaming\Myadmin\vendor\compiled.php(7288): Illuminate\Routing\Route->runWithCustomDispatcher(Object(Illuminate\Http\Request))
#22 C:\Users\Francis\Roaming\Myadmin\vendor\compiled.php(6954): Illuminate\Routing\Route->run(Object(Illuminate\Http\Request))
#23 [internal function]: Illuminate\Routing\Router->Illuminate\Routing\{closure}(Object(Illuminate\Http\Request))
#24 C:\Users\Francis\Roaming\Myadmin\vendor\compiled.php(8952): call_user_func(Object(Closure), Object(Illuminate\Http\Request))
#25 [internal function]: Illuminate\Pipeline\Pipeline->Illuminate\Pipeline\{closure}(Object(Illuminate\Http\Request))
#26 C:\Users\Francis\Roaming\Myadmin\vendor\compiled.php(8935): call_user_func(Object(Closure), Object(Illuminate\Http\Request))
#27 C:\Users\Francis\Roaming\Myadmin\vendor\compiled.php(6955): Illuminate\Pipeline\Pipeline->then(Object(Closure))
#28 C:\Users\Francis\Roaming\Myadmin\vendor\compiled.php(6944): Illuminate\Routing\Router->runRouteWithinStack(Object(Illuminate\Routing\Route), Object(Illuminate\Http\Request))
#29 C:\Users\Francis\Roaming\Myadmin\vendor\compiled.php(6929): Illuminate\Routing\Router->dispatchToRoute(Object(Illuminate\Http\Request))
#30 C:\Users\Francis\Roaming\Myadmin\vendor\compiled.php(1935): Illuminate\Routing\Router->dispatch(Object(Illuminate\Http\Request))
#31 [internal function]: Illuminate\Foundation\Http\Kernel->Illuminate\Foundation\Http\{closure}(Object(Illuminate\Http\Request))
#32 C:\Users\Francis\Roaming\Myadmin\vendor\compiled.php(8952): call_user_func(Object(Closure), Object(Illuminate\Http\Request))
#33 C:\Users\Francis\Roaming\Myadmin\vendor\compiled.php(2438): Illuminate\Pipeline\Pipeline->Illuminate\Pipeline\{closure}(Object(Illuminate\Http\Request))
#34 C:\Users\Francis\Roaming\Myadmin\app\Http\Middleware\VerifyCsrfToken.php(17): Illuminate\Foundation\Http\Middleware\VerifyCsrfToken->handle(Object(Illuminate\Http\Request), Object(Closure))
#35 C:\Users\Francis\Roaming\Myadmin\vendor\compiled.php(8944): App\Http\Middleware\VerifyCsrfToken->handle(Object(Illuminate\Http\Request), Object(Closure))
#36 C:\Users\Francis\Roaming\Myadmin\vendor\compiled.php(12083): Illuminate\Pipeline\Pipeline->Illuminate\Pipeline\{closure}(Object(Illuminate\Http\Request))
#37 C:\Users\Francis\Roaming\Myadmin\vendor\compiled.php(8944): Illuminate\View\Middleware\ShareErrorsFromSession->handle(Object(Illuminate\Http\Request), Object(Closure))
#38 C:\Users\Francis\Roaming\Myadmin\vendor\compiled.php(10785): Illuminate\Pipeline\Pipeline->Illuminate\Pipeline\{closure}(Object(Illuminate\Http\Request))
#39 C:\Users\Francis\Roaming\Myadmin\vendor\compiled.php(8944): Illuminate\Session\Middleware\StartSession->handle(Object(Illuminate\Http\Request), Object(Closure))
#40 C:\Users\Francis\Roaming\Myadmin\vendor\compiled.php(11789): Illuminate\Pipeline\Pipeline->Illuminate\Pipeline\{closure}(Object(Illuminate\Http\Request))
#41 C:\Users\Francis\Roaming\Myadmin\vendor\compiled.php(8944): Illuminate\Cookie\Middleware\AddQueuedCookiesToResponse->handle(Object(Illuminate\Http\Request), Object(Closure))
#42 C:\Users\Francis\Roaming\Myadmin\vendor\compiled.php(11738): Illuminate\Pipeline\Pipeline->Illuminate\Pipeline\{closure}(Object(Illuminate\Http\Request))
#43 C:\Users\Francis\Roaming\Myadmin\vendor\compiled.php(8944): Illuminate\Cookie\Middleware\EncryptCookies->handle(Object(Illuminate\Http\Request), Object(Closure))
#44 C:\Users\Francis\Roaming\Myadmin\vendor\compiled.php(2478): Illuminate\Pipeline\Pipeline->Illuminate\Pipeline\{closure}(Object(Illuminate\Http\Request))
#45 C:\Users\Francis\Roaming\Myadmin\vendor\compiled.php(8944): Illuminate\Foundation\Http\Middleware\CheckForMaintenanceMode->handle(Object(Illuminate\Http\Request), Object(Closure))
#46 [internal function]: Illuminate\Pipeline\Pipeline->Illuminate\Pipeline\{closure}(Object(Illuminate\Http\Request))
#47 C:\Users\Francis\Roaming\Myadmin\vendor\compiled.php(8935): call_user_func(Object(Closure), Object(Illuminate\Http\Request))
#48 C:\Users\Francis\Roaming\Myadmin\vendor\compiled.php(1891): Illuminate\Pipeline\Pipeline->then(Object(Closure))
#49 C:\Users\Francis\Roaming\Myadmin\vendor\compiled.php(1880): Illuminate\Foundation\Http\Kernel->sendRequestThroughRouter(Object(Illuminate\Http\Request))
#50 C:\Users\Francis\Roaming\Myadmin\public\index.php(53): Illuminate\Foundation\Http\Kernel->handle(Object(Illuminate\Http\Request))
#51 {main}

Next exception 'Illuminate\Database\QueryException' with message 'SQLSTATE[42000]: Syntax error or access violation: 1064 You have an error in your SQL syntax; check the manual that corresponds to your MariaDB server version for the right syntax to use near '' at line 2 (SQL: UPDATE users set name = '', email='',phone='',
			updated_at=NOW() where id = )' in C:\Users\Francis\Roaming\Myadmin\vendor\laravel\framework\src\Illuminate\Database\Connection.php:620
Stack trace:
#0 C:\Users\Francis\Roaming\Myadmin\vendor\laravel\framework\src\Illuminate\Database\Connection.php(576): Illuminate\Database\Connection->runQueryCallback(Object(Illuminate\Database\Query\Expression), Array, Object(Closure))
#1 C:\Users\Francis\Roaming\Myadmin\vendor\laravel\framework\src\Illuminate\Database\Connection.php(293): Illuminate\Database\Connection->run(Object(Illuminate\Database\Query\Expression), Array, Object(Closure))
#2 [internal function]: Illuminate\Database\Connection->select(Object(Illuminate\Database\Query\Expression))
#3 C:\Users\Francis\Roaming\Myadmin\vendor\compiled.php(10636): call_user_func_array(Array, Array)
#4 C:\Users\Francis\Roaming\Myadmin\vendor\compiled.php(5301): Illuminate\Database\DatabaseManager->__call('select', Array)
#5 C:\Users\Francis\Roaming\Myadmin\vendor\compiled.php(5301): Illuminate\Database\DatabaseManager->select(Object(Illuminate\Database\Query\Expression))
#6 C:\Users\Francis\Roaming\Myadmin\app\Http\Controllers\EventController.php(78): Illuminate\Support\Facades\Facade::__callStatic('select', Array)
#7 C:\Users\Francis\Roaming\Myadmin\app\Http\Controllers\EventController.php(78): Illuminate\Support\Facades\DB::select(Object(Illuminate\Database\Query\Expression))
#8 [internal function]: App\Http\Controllers\EventController->edit(Object(Illuminate\Http\Request), '1')
#9 C:\Users\Francis\Roaming\Myadmin\vendor\compiled.php(8287): call_user_func_array(Array, Array)
#10 C:\Users\Francis\Roaming\Myadmin\vendor\compiled.php(8354): Illuminate\Routing\Controller->callAction('edit', Array)
#11 C:\Users\Francis\Roaming\Myadmin\vendor\compiled.php(8333): Illuminate\Routing\ControllerDispatcher->call(Object(App\Http\Controllers\EventController), Object(Illuminate\Routing\Route), 'edit')
#12 [internal function]: Illuminate\Routing\ControllerDispatcher->Illuminate\Routing\{closure}(Object(Illuminate\Http\Request))
#13 C:\Users\Francis\Roaming\Myadmin\vendor\compiled.php(8952): call_user_func(Object(Closure), Object(Illuminate\Http\Request))
#14 [internal function]: Illuminate\Pipeline\Pipeline->Illuminate\Pipeline\{closure}(Object(Illuminate\Http\Request))
#15 C:\Users\Francis\Roaming\Myadmin\vendor\compiled.php(8935): call_user_func(Object(Closure), Object(Illuminate\Http\Request))
#16 C:\Users\Francis\Roaming\Myadmin\vendor\compiled.php(8334): Illuminate\Pipeline\Pipeline->then(Object(Closure))
#17 C:\Users\Francis\Roaming\Myadmin\vendor\compiled.php(8320): Illuminate\Routing\ControllerDispatcher->callWithinStack(Object(App\Http\Controllers\EventController), Object(Illuminate\Routing\Route), Object(Illuminate\Http\Request), 'edit')
#18 C:\Users\Francis\Roaming\Myadmin\vendor\compiled.php(7317): Illuminate\Routing\ControllerDispatcher->dispatch(Object(Illuminate\Routing\Route), Object(Illuminate\Http\Request), 'App\\Http\\Contro...', 'edit')
#19 C:\Users\Francis\Roaming\Myadmin\vendor\compiled.php(7288): Illuminate\Routing\Route->runWithCustomDispatcher(Object(Illuminate\Http\Request))
#20 C:\Users\Francis\Roaming\Myadmin\vendor\compiled.php(6954): Illuminate\Routing\Route->run(Object(Illuminate\Http\Request))
#21 [internal function]: Illuminate\Routing\Router->Illuminate\Routing\{closure}(Object(Illuminate\Http\Request))
#22 C:\Users\Francis\Roaming\Myadmin\vendor\compiled.php(8952): call_user_func(Object(Closure), Object(Illuminate\Http\Request))
#23 [internal function]: Illuminate\Pipeline\Pipeline->Illuminate\Pipeline\{closure}(Object(Illuminate\Http\Request))
#24 C:\Users\Francis\Roaming\Myadmin\vendor\compiled.php(8935): call_user_func(Object(Closure), Object(Illuminate\Http\Request))
#25 C:\Users\Francis\Roaming\Myadmin\vendor\compiled.php(6955): Illuminate\Pipeline\Pipeline->then(Object(Closure))
#26 C:\Users\Francis\Roaming\Myadmin\vendor\compiled.php(6944): Illuminate\Routing\Router->runRouteWithinStack(Object(Illuminate\Routing\Route), Object(Illuminate\Http\Request))
#27 C:\Users\Francis\Roaming\Myadmin\vendor\compiled.php(6929): Illuminate\Routing\Router->dispatchToRoute(Object(Illuminate\Http\Request))
#28 C:\Users\Francis\Roaming\Myadmin\vendor\compiled.php(1935): Illuminate\Routing\Router->dispatch(Object(Illuminate\Http\Request))
#29 [internal function]: Illuminate\Foundation\Http\Kernel->Illuminate\Foundation\Http\{closure}(Object(Illuminate\Http\Request))
#30 C:\Users\Francis\Roaming\Myadmin\vendor\compiled.php(8952): call_user_func(Object(Closure), Object(Illuminate\Http\Request))
#31 C:\Users\Francis\Roaming\Myadmin\vendor\compiled.php(2438): Illuminate\Pipeline\Pipeline->Illuminate\Pipeline\{closure}(Object(Illuminate\Http\Request))
#32 C:\Users\Francis\Roaming\Myadmin\app\Http\Middleware\VerifyCsrfToken.php(17): Illuminate\Foundation\Http\Middleware\VerifyCsrfToken->handle(Object(Illuminate\Http\Request), Object(Closure))
#33 C:\Users\Francis\Roaming\Myadmin\vendor\compiled.php(8944): App\Http\Middleware\VerifyCsrfToken->handle(Object(Illuminate\Http\Request), Object(Closure))
#34 C:\Users\Francis\Roaming\Myadmin\vendor\compiled.php(12083): Illuminate\Pipeline\Pipeline->Illuminate\Pipeline\{closure}(Object(Illuminate\Http\Request))
#35 C:\Users\Francis\Roaming\Myadmin\vendor\compiled.php(8944): Illuminate\View\Middleware\ShareErrorsFromSession->handle(Object(Illuminate\Http\Request), Object(Closure))
#36 C:\Users\Francis\Roaming\Myadmin\vendor\compiled.php(10785): Illuminate\Pipeline\Pipeline->Illuminate\Pipeline\{closure}(Object(Illuminate\Http\Request))
#37 C:\Users\Francis\Roaming\Myadmin\vendor\compiled.php(8944): Illuminate\Session\Middleware\StartSession->handle(Object(Illuminate\Http\Request), Object(Closure))
#38 C:\Users\Francis\Roaming\Myadmin\vendor\compiled.php(11789): Illuminate\Pipeline\Pipeline->Illuminate\Pipeline\{closure}(Object(Illuminate\Http\Request))
#39 C:\Users\Francis\Roaming\Myadmin\vendor\compiled.php(8944): Illuminate\Cookie\Middleware\AddQueuedCookiesToResponse->handle(Object(Illuminate\Http\Request), Object(Closure))
#40 C:\Users\Francis\Roaming\Myadmin\vendor\compiled.php(11738): Illuminate\Pipeline\Pipeline->Illuminate\Pipeline\{closure}(Object(Illuminate\Http\Request))
#41 C:\Users\Francis\Roaming\Myadmin\vendor\compiled.php(8944): Illuminate\Cookie\Middleware\EncryptCookies->handle(Object(Illuminate\Http\Request), Object(Closure))
#42 C:\Users\Francis\Roaming\Myadmin\vendor\compiled.php(2478): Illuminate\Pipeline\Pipeline->Illuminate\Pipeline\{closure}(Object(Illuminate\Http\Request))
#43 C:\Users\Francis\Roaming\Myadmin\vendor\compiled.php(8944): Illuminate\Foundation\Http\Middleware\CheckForMaintenanceMode->handle(Object(Illuminate\Http\Request), Object(Closure))
#44 [internal function]: Illuminate\Pipeline\Pipeline->Illuminate\Pipeline\{closure}(Object(Illuminate\Http\Request))
#45 C:\Users\Francis\Roaming\Myadmin\vendor\compiled.php(8935): call_user_func(Object(Closure), Object(Illuminate\Http\Request))
#46 C:\Users\Francis\Roaming\Myadmin\vendor\compiled.php(1891): Illuminate\Pipeline\Pipeline->then(Object(Closure))
#47 C:\Users\Francis\Roaming\Myadmin\vendor\compiled.php(1880): Illuminate\Foundation\Http\Kernel->sendRequestThroughRouter(Object(Illuminate\Http\Request))
#48 C:\Users\Francis\Roaming\Myadmin\public\index.php(53): Illuminate\Foundation\Http\Kernel->handle(Object(Illuminate\Http\Request))
#49 {main}  
[2017-04-26 14:40:36] local.ERROR: exception 'PDOException' with message 'SQLSTATE[42000]: Syntax error or access violation: 1064 You have an error in your SQL syntax; check the manual that corresponds to your MariaDB server version for the right syntax to use near 'vip_ticket=, original_number=, updated_at=NOW() WHERE id= 1' at line 1' in C:\Users\Francis\Roaming\Myadmin\vendor\laravel\framework\src\Illuminate\Database\Connection.php:288
Stack trace:
#0 C:\Users\Francis\Roaming\Myadmin\vendor\laravel\framework\src\Illuminate\Database\Connection.php(288): PDO->prepare('UPDATE event_fo...')
#1 C:\Users\Francis\Roaming\Myadmin\vendor\laravel\framework\src\Illuminate\Database\Connection.php(612): Illuminate\Database\Connection->Illuminate\Database\{closure}(Object(Illuminate\Database\MySqlConnection), Object(Illuminate\Database\Query\Expression), Array)
#2 C:\Users\Francis\Roaming\Myadmin\vendor\laravel\framework\src\Illuminate\Database\Connection.php(576): Illuminate\Database\Connection->runQueryCallback(Object(Illuminate\Database\Query\Expression), Array, Object(Closure))
#3 C:\Users\Francis\Roaming\Myadmin\vendor\laravel\framework\src\Illuminate\Database\Connection.php(293): Illuminate\Database\Connection->run(Object(Illuminate\Database\Query\Expression), Array, Object(Closure))
#4 [internal function]: Illuminate\Database\Connection->select(Object(Illuminate\Database\Query\Expression))
#5 C:\Users\Francis\Roaming\Myadmin\vendor\compiled.php(10636): call_user_func_array(Array, Array)
#6 C:\Users\Francis\Roaming\Myadmin\vendor\compiled.php(5301): Illuminate\Database\DatabaseManager->__call('select', Array)
#7 C:\Users\Francis\Roaming\Myadmin\vendor\compiled.php(5301): Illuminate\Database\DatabaseManager->select(Object(Illuminate\Database\Query\Expression))
#8 C:\Users\Francis\Roaming\Myadmin\app\Http\Controllers\EventController.php(47): Illuminate\Support\Facades\Facade::__callStatic('select', Array)
#9 C:\Users\Francis\Roaming\Myadmin\app\Http\Controllers\EventController.php(47): Illuminate\Support\Facades\DB::select(Object(Illuminate\Database\Query\Expression))
#10 [internal function]: App\Http\Controllers\EventController->store(Object(Illuminate\Http\Request))
#11 C:\Users\Francis\Roaming\Myadmin\vendor\compiled.php(8287): call_user_func_array(Array, Array)
#12 C:\Users\Francis\Roaming\Myadmin\vendor\compiled.php(8354): Illuminate\Routing\Controller->callAction('store', Array)
#13 C:\Users\Francis\Roaming\Myadmin\vendor\compiled.php(8333): Illuminate\Routing\ControllerDispatcher->call(Object(App\Http\Controllers\EventController), Object(Illuminate\Routing\Route), 'store')
#14 [internal function]: Illuminate\Routing\ControllerDispatcher->Illuminate\Routing\{closure}(Object(Illuminate\Http\Request))
#15 C:\Users\Francis\Roaming\Myadmin\vendor\compiled.php(8952): call_user_func(Object(Closure), Object(Illuminate\Http\Request))
#16 [internal function]: Illuminate\Pipeline\Pipeline->Illuminate\Pipeline\{closure}(Object(Illuminate\Http\Request))
#17 C:\Users\Francis\Roaming\Myadmin\vendor\compiled.php(8935): call_user_func(Object(Closure), Object(Illuminate\Http\Request))
#18 C:\Users\Francis\Roaming\Myadmin\vendor\compiled.php(8334): Illuminate\Pipeline\Pipeline->then(Object(Closure))
#19 C:\Users\Francis\Roaming\Myadmin\vendor\compiled.php(8320): Illuminate\Routing\ControllerDispatcher->callWithinStack(Object(App\Http\Controllers\EventController), Object(Illuminate\Routing\Route), Object(Illuminate\Http\Request), 'store')
#20 C:\Users\Francis\Roaming\Myadmin\vendor\compiled.php(7317): Illuminate\Routing\ControllerDispatcher->dispatch(Object(Illuminate\Routing\Route), Object(Illuminate\Http\Request), 'App\\Http\\Contro...', 'store')
#21 C:\Users\Francis\Roaming\Myadmin\vendor\compiled.php(7288): Illuminate\Routing\Route->runWithCustomDispatcher(Object(Illuminate\Http\Request))
#22 C:\Users\Francis\Roaming\Myadmin\vendor\compiled.php(6954): Illuminate\Routing\Route->run(Object(Illuminate\Http\Request))
#23 [internal function]: Illuminate\Routing\Router->Illuminate\Routing\{closure}(Object(Illuminate\Http\Request))
#24 C:\Users\Francis\Roaming\Myadmin\vendor\compiled.php(8952): call_user_func(Object(Closure), Object(Illuminate\Http\Request))
#25 [internal function]: Illuminate\Pipeline\Pipeline->Illuminate\Pipeline\{closure}(Object(Illuminate\Http\Request))
#26 C:\Users\Francis\Roaming\Myadmin\vendor\compiled.php(8935): call_user_func(Object(Closure), Object(Illuminate\Http\Request))
#27 C:\Users\Francis\Roaming\Myadmin\vendor\compiled.php(6955): Illuminate\Pipeline\Pipeline->then(Object(Closure))
#28 C:\Users\Francis\Roaming\Myadmin\vendor\compiled.php(6944): Illuminate\Routing\Router->runRouteWithinStack(Object(Illuminate\Routing\Route), Object(Illuminate\Http\Request))
#29 C:\Users\Francis\Roaming\Myadmin\vendor\compiled.php(6929): Illuminate\Routing\Router->dispatchToRoute(Object(Illuminate\Http\Request))
#30 C:\Users\Francis\Roaming\Myadmin\vendor\compiled.php(1935): Illuminate\Routing\Router->dispatch(Object(Illuminate\Http\Request))
#31 [internal function]: Illuminate\Foundation\Http\Kernel->Illuminate\Foundation\Http\{closure}(Object(Illuminate\Http\Request))
#32 C:\Users\Francis\Roaming\Myadmin\vendor\compiled.php(8952): call_user_func(Object(Closure), Object(Illuminate\Http\Request))
#33 C:\Users\Francis\Roaming\Myadmin\vendor\compiled.php(2438): Illuminate\Pipeline\Pipeline->Illuminate\Pipeline\{closure}(Object(Illuminate\Http\Request))
#34 C:\Users\Francis\Roaming\Myadmin\app\Http\Middleware\VerifyCsrfToken.php(17): Illuminate\Foundation\Http\Middleware\VerifyCsrfToken->handle(Object(Illuminate\Http\Request), Object(Closure))
#35 C:\Users\Francis\Roaming\Myadmin\vendor\compiled.php(8944): App\Http\Middleware\VerifyCsrfToken->handle(Object(Illuminate\Http\Request), Object(Closure))
#36 C:\Users\Francis\Roaming\Myadmin\vendor\compiled.php(12083): Illuminate\Pipeline\Pipeline->Illuminate\Pipeline\{closure}(Object(Illuminate\Http\Request))
#37 C:\Users\Francis\Roaming\Myadmin\vendor\compiled.php(8944): Illuminate\View\Middleware\ShareErrorsFromSession->handle(Object(Illuminate\Http\Request), Object(Closure))
#38 C:\Users\Francis\Roaming\Myadmin\vendor\compiled.php(10785): Illuminate\Pipeline\Pipeline->Illuminate\Pipeline\{closure}(Object(Illuminate\Http\Request))
#39 C:\Users\Francis\Roaming\Myadmin\vendor\compiled.php(8944): Illuminate\Session\Middleware\StartSession->handle(Object(Illuminate\Http\Request), Object(Closure))
#40 C:\Users\Francis\Roaming\Myadmin\vendor\compiled.php(11789): Illuminate\Pipeline\Pipeline->Illuminate\Pipeline\{closure}(Object(Illuminate\Http\Request))
#41 C:\Users\Francis\Roaming\Myadmin\vendor\compiled.php(8944): Illuminate\Cookie\Middleware\AddQueuedCookiesToResponse->handle(Object(Illuminate\Http\Request), Object(Closure))
#42 C:\Users\Francis\Roaming\Myadmin\vendor\compiled.php(11738): Illuminate\Pipeline\Pipeline->Illuminate\Pipeline\{closure}(Object(Illuminate\Http\Request))
#43 C:\Users\Francis\Roaming\Myadmin\vendor\compiled.php(8944): Illuminate\Cookie\Middleware\EncryptCookies->handle(Object(Illuminate\Http\Request), Object(Closure))
#44 C:\Users\Francis\Roaming\Myadmin\vendor\compiled.php(2478): Illuminate\Pipeline\Pipeline->Illuminate\Pipeline\{closure}(Object(Illuminate\Http\Request))
#45 C:\Users\Francis\Roaming\Myadmin\vendor\compiled.php(8944): Illuminate\Foundation\Http\Middleware\CheckForMaintenanceMode->handle(Object(Illuminate\Http\Request), Object(Closure))
#46 [internal function]: Illuminate\Pipeline\Pipeline->Illuminate\Pipeline\{closure}(Object(Illuminate\Http\Request))
#47 C:\Users\Francis\Roaming\Myadmin\vendor\compiled.php(8935): call_user_func(Object(Closure), Object(Illuminate\Http\Request))
#48 C:\Users\Francis\Roaming\Myadmin\vendor\compiled.php(1891): Illuminate\Pipeline\Pipeline->then(Object(Closure))
#49 C:\Users\Francis\Roaming\Myadmin\vendor\compiled.php(1880): Illuminate\Foundation\Http\Kernel->sendRequestThroughRouter(Object(Illuminate\Http\Request))
#50 C:\Users\Francis\Roaming\Myadmin\public\index.php(53): Illuminate\Foundation\Http\Kernel->handle(Object(Illuminate\Http\Request))
#51 {main}

Next exception 'Illuminate\Database\QueryException' with message 'SQLSTATE[42000]: Syntax error or access violation: 1064 You have an error in your SQL syntax; check the manual that corresponds to your MariaDB server version for the right syntax to use near 'vip_ticket=, original_number=, updated_at=NOW() WHERE id= 1' at line 1 (SQL: UPDATE event_folders set name='', description='',regular_ticket=,vip_ticket=, original_number=, updated_at=NOW() WHERE id= 1)' in C:\Users\Francis\Roaming\Myadmin\vendor\laravel\framework\src\Illuminate\Database\Connection.php:620
Stack trace:
#0 C:\Users\Francis\Roaming\Myadmin\vendor\laravel\framework\src\Illuminate\Database\Connection.php(576): Illuminate\Database\Connection->runQueryCallback(Object(Illuminate\Database\Query\Expression), Array, Object(Closure))
#1 C:\Users\Francis\Roaming\Myadmin\vendor\laravel\framework\src\Illuminate\Database\Connection.php(293): Illuminate\Database\Connection->run(Object(Illuminate\Database\Query\Expression), Array, Object(Closure))
#2 [internal function]: Illuminate\Database\Connection->select(Object(Illuminate\Database\Query\Expression))
#3 C:\Users\Francis\Roaming\Myadmin\vendor\compiled.php(10636): call_user_func_array(Array, Array)
#4 C:\Users\Francis\Roaming\Myadmin\vendor\compiled.php(5301): Illuminate\Database\DatabaseManager->__call('select', Array)
#5 C:\Users\Francis\Roaming\Myadmin\vendor\compiled.php(5301): Illuminate\Database\DatabaseManager->select(Object(Illuminate\Database\Query\Expression))
#6 C:\Users\Francis\Roaming\Myadmin\app\Http\Controllers\EventController.php(47): Illuminate\Support\Facades\Facade::__callStatic('select', Array)
#7 C:\Users\Francis\Roaming\Myadmin\app\Http\Controllers\EventController.php(47): Illuminate\Support\Facades\DB::select(Object(Illuminate\Database\Query\Expression))
#8 [internal function]: App\Http\Controllers\EventController->store(Object(Illuminate\Http\Request))
#9 C:\Users\Francis\Roaming\Myadmin\vendor\compiled.php(8287): call_user_func_array(Array, Array)
#10 C:\Users\Francis\Roaming\Myadmin\vendor\compiled.php(8354): Illuminate\Routing\Controller->callAction('store', Array)
#11 C:\Users\Francis\Roaming\Myadmin\vendor\compiled.php(8333): Illuminate\Routing\ControllerDispatcher->call(Object(App\Http\Controllers\EventController), Object(Illuminate\Routing\Route), 'store')
#12 [internal function]: Illuminate\Routing\ControllerDispatcher->Illuminate\Routing\{closure}(Object(Illuminate\Http\Request))
#13 C:\Users\Francis\Roaming\Myadmin\vendor\compiled.php(8952): call_user_func(Object(Closure), Object(Illuminate\Http\Request))
#14 [internal function]: Illuminate\Pipeline\Pipeline->Illuminate\Pipeline\{closure}(Object(Illuminate\Http\Request))
#15 C:\Users\Francis\Roaming\Myadmin\vendor\compiled.php(8935): call_user_func(Object(Closure), Object(Illuminate\Http\Request))
#16 C:\Users\Francis\Roaming\Myadmin\vendor\compiled.php(8334): Illuminate\Pipeline\Pipeline->then(Object(Closure))
#17 C:\Users\Francis\Roaming\Myadmin\vendor\compiled.php(8320): Illuminate\Routing\ControllerDispatcher->callWithinStack(Object(App\Http\Controllers\EventController), Object(Illuminate\Routing\Route), Object(Illuminate\Http\Request), 'store')
#18 C:\Users\Francis\Roaming\Myadmin\vendor\compiled.php(7317): Illuminate\Routing\ControllerDispatcher->dispatch(Object(Illuminate\Routing\Route), Object(Illuminate\Http\Request), 'App\\Http\\Contro...', 'store')
#19 C:\Users\Francis\Roaming\Myadmin\vendor\compiled.php(7288): Illuminate\Routing\Route->runWithCustomDispatcher(Object(Illuminate\Http\Request))
#20 C:\Users\Francis\Roaming\Myadmin\vendor\compiled.php(6954): Illuminate\Routing\Route->run(Object(Illuminate\Http\Request))
#21 [internal function]: Illuminate\Routing\Router->Illuminate\Routing\{closure}(Object(Illuminate\Http\Request))
#22 C:\Users\Francis\Roaming\Myadmin\vendor\compiled.php(8952): call_user_func(Object(Closure), Object(Illuminate\Http\Request))
#23 [internal function]: Illuminate\Pipeline\Pipeline->Illuminate\Pipeline\{closure}(Object(Illuminate\Http\Request))
#24 C:\Users\Francis\Roaming\Myadmin\vendor\compiled.php(8935): call_user_func(Object(Closure), Object(Illuminate\Http\Request))
#25 C:\Users\Francis\Roaming\Myadmin\vendor\compiled.php(6955): Illuminate\Pipeline\Pipeline->then(Object(Closure))
#26 C:\Users\Francis\Roaming\Myadmin\vendor\compiled.php(6944): Illuminate\Routing\Router->runRouteWithinStack(Object(Illuminate\Routing\Route), Object(Illuminate\Http\Request))
#27 C:\Users\Francis\Roaming\Myadmin\vendor\compiled.php(6929): Illuminate\Routing\Router->dispatchToRoute(Object(Illuminate\Http\Request))
#28 C:\Users\Francis\Roaming\Myadmin\vendor\compiled.php(1935): Illuminate\Routing\Router->dispatch(Object(Illuminate\Http\Request))
#29 [internal function]: Illuminate\Foundation\Http\Kernel->Illuminate\Foundation\Http\{closure}(Object(Illuminate\Http\Request))
#30 C:\Users\Francis\Roaming\Myadmin\vendor\compiled.php(8952): call_user_func(Object(Closure), Object(Illuminate\Http\Request))
#31 C:\Users\Francis\Roaming\Myadmin\vendor\compiled.php(2438): Illuminate\Pipeline\Pipeline->Illuminate\Pipeline\{closure}(Object(Illuminate\Http\Request))
#32 C:\Users\Francis\Roaming\Myadmin\app\Http\Middleware\VerifyCsrfToken.php(17): Illuminate\Foundation\Http\Middleware\VerifyCsrfToken->handle(Object(Illuminate\Http\Request), Object(Closure))
#33 C:\Users\Francis\Roaming\Myadmin\vendor\compiled.php(8944): App\Http\Middleware\VerifyCsrfToken->handle(Object(Illuminate\Http\Request), Object(Closure))
#34 C:\Users\Francis\Roaming\Myadmin\vendor\compiled.php(12083): Illuminate\Pipeline\Pipeline->Illuminate\Pipeline\{closure}(Object(Illuminate\Http\Request))
#35 C:\Users\Francis\Roaming\Myadmin\vendor\compiled.php(8944): Illuminate\View\Middleware\ShareErrorsFromSession->handle(Object(Illuminate\Http\Request), Object(Closure))
#36 C:\Users\Francis\Roaming\Myadmin\vendor\compiled.php(10785): Illuminate\Pipeline\Pipeline->Illuminate\Pipeline\{closure}(Object(Illuminate\Http\Request))
#37 C:\Users\Francis\Roaming\Myadmin\vendor\compiled.php(8944): Illuminate\Session\Middleware\StartSession->handle(Object(Illuminate\Http\Request), Object(Closure))
#38 C:\Users\Francis\Roaming\Myadmin\vendor\compiled.php(11789): Illuminate\Pipeline\Pipeline->Illuminate\Pipeline\{closure}(Object(Illuminate\Http\Request))
#39 C:\Users\Francis\Roaming\Myadmin\vendor\compiled.php(8944): Illuminate\Cookie\Middleware\AddQueuedCookiesToResponse->handle(Object(Illuminate\Http\Request), Object(Closure))
#40 C:\Users\Francis\Roaming\Myadmin\vendor\compiled.php(11738): Illuminate\Pipeline\Pipeline->Illuminate\Pipeline\{closure}(Object(Illuminate\Http\Request))
#41 C:\Users\Francis\Roaming\Myadmin\vendor\compiled.php(8944): Illuminate\Cookie\Middleware\EncryptCookies->handle(Object(Illuminate\Http\Request), Object(Closure))
#42 C:\Users\Francis\Roaming\Myadmin\vendor\compiled.php(2478): Illuminate\Pipeline\Pipeline->Illuminate\Pipeline\{closure}(Object(Illuminate\Http\Request))
#43 C:\Users\Francis\Roaming\Myadmin\vendor\compiled.php(8944): Illuminate\Foundation\Http\Middleware\CheckForMaintenanceMode->handle(Object(Illuminate\Http\Request), Object(Closure))
#44 [internal function]: Illuminate\Pipeline\Pipeline->Illuminate\Pipeline\{closure}(Object(Illuminate\Http\Request))
#45 C:\Users\Francis\Roaming\Myadmin\vendor\compiled.php(8935): call_user_func(Object(Closure), Object(Illuminate\Http\Request))
#46 C:\Users\Francis\Roaming\Myadmin\vendor\compiled.php(1891): Illuminate\Pipeline\Pipeline->then(Object(Closure))
#47 C:\Users\Francis\Roaming\Myadmin\vendor\compiled.php(1880): Illuminate\Foundation\Http\Kernel->sendRequestThroughRouter(Object(Illuminate\Http\Request))
#48 C:\Users\Francis\Roaming\Myadmin\public\index.php(53): Illuminate\Foundation\Http\Kernel->handle(Object(Illuminate\Http\Request))
#49 {main}  
