[2017-04-05 12:03:13] local.ERROR: exception 'Illuminate\Session\TokenMismatchException' in C:\Users\Francis\Roaming\Myadmin\vendor\compiled.php:2440
Stack trace:
#0 C:\Users\Francis\Roaming\Myadmin\app\Http\Middleware\VerifyCsrfToken.php(17): Illuminate\Foundation\Http\Middleware\VerifyCsrfToken->handle(Object(Illuminate\Http\Request), Object(Closure))
#1 C:\Users\Francis\Roaming\Myadmin\vendor\compiled.php(8944): App\Http\Middleware\VerifyCsrfToken->handle(Object(Illuminate\Http\Request), Object(Closure))
#2 C:\Users\Francis\Roaming\Myadmin\vendor\compiled.php(12083): Illuminate\Pipeline\Pipeline->Illuminate\Pipeline\{closure}(Object(Illuminate\Http\Request))
#3 C:\Users\Francis\Roaming\Myadmin\vendor\compiled.php(8944): Illuminate\View\Middleware\ShareErrorsFromSession->handle(Object(Illuminate\Http\Request), Object(Closure))
#4 C:\Users\Francis\Roaming\Myadmin\vendor\compiled.php(10785): Illuminate\Pipeline\Pipeline->Illuminate\Pipeline\{closure}(Object(Illuminate\Http\Request))
#5 C:\Users\Francis\Roaming\Myadmin\vendor\compiled.php(8944): Illuminate\Session\Middleware\StartSession->handle(Object(Illuminate\Http\Request), Object(Closure))
#6 C:\Users\Francis\Roaming\Myadmin\vendor\compiled.php(11789): Illuminate\Pipeline\Pipeline->Illuminate\Pipeline\{closure}(Object(Illuminate\Http\Request))
#7 C:\Users\Francis\Roaming\Myadmin\vendor\compiled.php(8944): Illuminate\Cookie\Middleware\AddQueuedCookiesToResponse->handle(Object(Illuminate\Http\Request), Object(Closure))
#8 C:\Users\Francis\Roaming\Myadmin\vendor\compiled.php(11738): Illuminate\Pipeline\Pipeline->Illuminate\Pipeline\{closure}(Object(Illuminate\Http\Request))
#9 C:\Users\Francis\Roaming\Myadmin\vendor\compiled.php(8944): Illuminate\Cookie\Middleware\EncryptCookies->handle(Object(Illuminate\Http\Request), Object(Closure))
#10 C:\Users\Francis\Roaming\Myadmin\vendor\compiled.php(2478): Illuminate\Pipeline\Pipeline->Illuminate\Pipeline\{closure}(Object(Illuminate\Http\Request))
#11 C:\Users\Francis\Roaming\Myadmin\vendor\compiled.php(8944): Illuminate\Foundation\Http\Middleware\CheckForMaintenanceMode->handle(Object(Illuminate\Http\Request), Object(Closure))
#12 [internal function]: Illuminate\Pipeline\Pipeline->Illuminate\Pipeline\{closure}(Object(Illuminate\Http\Request))
#13 C:\Users\Francis\Roaming\Myadmin\vendor\compiled.php(8935): call_user_func(Object(Closure), Object(Illuminate\Http\Request))
#14 C:\Users\Francis\Roaming\Myadmin\vendor\compiled.php(1891): Illuminate\Pipeline\Pipeline->then(Object(Closure))
#15 C:\Users\Francis\Roaming\Myadmin\vendor\compiled.php(1880): Illuminate\Foundation\Http\Kernel->sendRequestThroughRouter(Object(Illuminate\Http\Request))
#16 C:\Users\Francis\Roaming\Myadmin\public\index.php(53): Illuminate\Foundation\Http\Kernel->handle(Object(Illuminate\Http\Request))
#17 {main}  
[2017-04-05 12:03:20] local.ERROR: exception 'InvalidArgumentException' with message 'Action App\Http\Controllers\GraphController@create not defined.' in C:\Users\Francis\Roaming\Myadmin\vendor\compiled.php:8658
Stack trace:
#0 C:\Users\Francis\Roaming\Myadmin\vendor\laravel\framework\src\Illuminate\Foundation\helpers.php(35): Illuminate\Routing\UrlGenerator->action('GraphController...', Array)
#1 C:\Users\Francis\Roaming\Myadmin\storage\framework\views\dd0a4591e8e7ec498dd49bebf0ab3228(16): action('GraphController...')
#2 C:\Users\Francis\Roaming\Myadmin\vendor\compiled.php(13650): include('C:\\Users\\Franci...')
#3 C:\Users\Francis\Roaming\Myadmin\vendor\compiled.php(13683): Illuminate\View\Engines\PhpEngine->evaluatePath('C:\\Users\\Franci...', Array)
#4 C:\Users\Francis\Roaming\Myadmin\vendor\compiled.php(13523): Illuminate\View\Engines\CompilerEngine->get('C:\\Users\\Franci...', Array)
#5 C:\Users\Francis\Roaming\Myadmin\vendor\compiled.php(13510): Illuminate\View\View->getContents()
#6 C:\Users\Francis\Roaming\Myadmin\vendor\compiled.php(13501): Illuminate\View\View->renderContents()
#7 C:\Users\Francis\Roaming\Myadmin\vendor\compiled.php(14597): Illuminate\View\View->render()
#8 C:\Users\Francis\Roaming\Myadmin\vendor\compiled.php(14126): Illuminate\Http\Response->setContent(Object(Illuminate\View\View))
#9 C:\Users\Francis\Roaming\Myadmin\vendor\compiled.php(7154): Symfony\Component\HttpFoundation\Response->__construct(Object(Illuminate\View\View))
#10 C:\Users\Francis\Roaming\Myadmin\vendor\compiled.php(6954): Illuminate\Routing\Router->prepareResponse(Object(Illuminate\Http\Request), Object(Illuminate\View\View))
#11 [internal function]: Illuminate\Routing\Router->Illuminate\Routing\{closure}(Object(Illuminate\Http\Request))
#12 C:\Users\Francis\Roaming\Myadmin\vendor\compiled.php(8952): call_user_func(Object(Closure), Object(Illuminate\Http\Request))
#13 [internal function]: Illuminate\Pipeline\Pipeline->Illuminate\Pipeline\{closure}(Object(Illuminate\Http\Request))
#14 C:\Users\Francis\Roaming\Myadmin\vendor\compiled.php(8935): call_user_func(Object(Closure), Object(Illuminate\Http\Request))
#15 C:\Users\Francis\Roaming\Myadmin\vendor\compiled.php(6955): Illuminate\Pipeline\Pipeline->then(Object(Closure))
#16 C:\Users\Francis\Roaming\Myadmin\vendor\compiled.php(6944): Illuminate\Routing\Router->runRouteWithinStack(Object(Illuminate\Routing\Route), Object(Illuminate\Http\Request))
#17 C:\Users\Francis\Roaming\Myadmin\vendor\compiled.php(6929): Illuminate\Routing\Router->dispatchToRoute(Object(Illuminate\Http\Request))
#18 C:\Users\Francis\Roaming\Myadmin\vendor\compiled.php(1935): Illuminate\Routing\Router->dispatch(Object(Illuminate\Http\Request))
#19 [internal function]: Illuminate\Foundation\Http\Kernel->Illuminate\Foundation\Http\{closure}(Object(Illuminate\Http\Request))
#20 C:\Users\Francis\Roaming\Myadmin\vendor\compiled.php(8952): call_user_func(Object(Closure), Object(Illuminate\Http\Request))
#21 C:\Users\Francis\Roaming\Myadmin\vendor\compiled.php(2438): Illuminate\Pipeline\Pipeline->Illuminate\Pipeline\{closure}(Object(Illuminate\Http\Request))
#22 C:\Users\Francis\Roaming\Myadmin\app\Http\Middleware\VerifyCsrfToken.php(17): Illuminate\Foundation\Http\Middleware\VerifyCsrfToken->handle(Object(Illuminate\Http\Request), Object(Closure))
#23 C:\Users\Francis\Roaming\Myadmin\vendor\compiled.php(8944): App\Http\Middleware\VerifyCsrfToken->handle(Object(Illuminate\Http\Request), Object(Closure))
#24 C:\Users\Francis\Roaming\Myadmin\vendor\compiled.php(12083): Illuminate\Pipeline\Pipeline->Illuminate\Pipeline\{closure}(Object(Illuminate\Http\Request))
#25 C:\Users\Francis\Roaming\Myadmin\vendor\compiled.php(8944): Illuminate\View\Middleware\ShareErrorsFromSession->handle(Object(Illuminate\Http\Request), Object(Closure))
#26 C:\Users\Francis\Roaming\Myadmin\vendor\compiled.php(10785): Illuminate\Pipeline\Pipeline->Illuminate\Pipeline\{closure}(Object(Illuminate\Http\Request))
#27 C:\Users\Francis\Roaming\Myadmin\vendor\compiled.php(8944): Illuminate\Session\Middleware\StartSession->handle(Object(Illuminate\Http\Request), Object(Closure))
#28 C:\Users\Francis\Roaming\Myadmin\vendor\compiled.php(11789): Illuminate\Pipeline\Pipeline->Illuminate\Pipeline\{closure}(Object(Illuminate\Http\Request))
#29 C:\Users\Francis\Roaming\Myadmin\vendor\compiled.php(8944): Illuminate\Cookie\Middleware\AddQueuedCookiesToResponse->handle(Object(Illuminate\Http\Request), Object(Closure))
#30 C:\Users\Francis\Roaming\Myadmin\vendor\compiled.php(11738): Illuminate\Pipeline\Pipeline->Illuminate\Pipeline\{closure}(Object(Illuminate\Http\Request))
#31 C:\Users\Francis\Roaming\Myadmin\vendor\compiled.php(8944): Illuminate\Cookie\Middleware\EncryptCookies->handle(Object(Illuminate\Http\Request), Object(Closure))
#32 C:\Users\Francis\Roaming\Myadmin\vendor\compiled.php(2478): Illuminate\Pipeline\Pipeline->Illuminate\Pipeline\{closure}(Object(Illuminate\Http\Request))
#33 C:\Users\Francis\Roaming\Myadmin\vendor\compiled.php(8944): Illuminate\Foundation\Http\Middleware\CheckForMaintenanceMode->handle(Object(Illuminate\Http\Request), Object(Closure))
#34 [internal function]: Illuminate\Pipeline\Pipeline->Illuminate\Pipeline\{closure}(Object(Illuminate\Http\Request))
#35 C:\Users\Francis\Roaming\Myadmin\vendor\compiled.php(8935): call_user_func(Object(Closure), Object(Illuminate\Http\Request))
#36 C:\Users\Francis\Roaming\Myadmin\vendor\compiled.php(1891): Illuminate\Pipeline\Pipeline->then(Object(Closure))
#37 C:\Users\Francis\Roaming\Myadmin\vendor\compiled.php(1880): Illuminate\Foundation\Http\Kernel->sendRequestThroughRouter(Object(Illuminate\Http\Request))
#38 C:\Users\Francis\Roaming\Myadmin\public\index.php(53): Illuminate\Foundation\Http\Kernel->handle(Object(Illuminate\Http\Request))
#39 {main}

Next exception 'ErrorException' with message 'Action App\Http\Controllers\GraphController@create not defined. (View: C:\Users\Francis\Roaming\Myadmin\resources\views\index.blade.php)' in C:\Users\Francis\Roaming\Myadmin\vendor\compiled.php:8658
Stack trace:
#0 C:\Users\Francis\Roaming\Myadmin\vendor\compiled.php(13652): Illuminate\View\Engines\CompilerEngine->handleViewException(Object(InvalidArgumentException), 1)
#1 C:\Users\Francis\Roaming\Myadmin\vendor\compiled.php(13683): Illuminate\View\Engines\PhpEngine->evaluatePath('C:\\Users\\Franci...', Array)
#2 C:\Users\Francis\Roaming\Myadmin\vendor\compiled.php(13523): Illuminate\View\Engines\CompilerEngine->get('C:\\Users\\Franci...', Array)
#3 C:\Users\Francis\Roaming\Myadmin\vendor\compiled.php(13510): Illuminate\View\View->getContents()
#4 C:\Users\Francis\Roaming\Myadmin\vendor\compiled.php(13501): Illuminate\View\View->renderContents()
#5 C:\Users\Francis\Roaming\Myadmin\vendor\compiled.php(14597): Illuminate\View\View->render()
#6 C:\Users\Francis\Roaming\Myadmin\vendor\compiled.php(14126): Illuminate\Http\Response->setContent(Object(Illuminate\View\View))
#7 C:\Users\Francis\Roaming\Myadmin\vendor\compiled.php(7154): Symfony\Component\HttpFoundation\Response->__construct(Object(Illuminate\View\View))
#8 C:\Users\Francis\Roaming\Myadmin\vendor\compiled.php(6954): Illuminate\Routing\Router->prepareResponse(Object(Illuminate\Http\Request), Object(Illuminate\View\View))
#9 [internal function]: Illuminate\Routing\Router->Illuminate\Routing\{closure}(Object(Illuminate\Http\Request))
#10 C:\Users\Francis\Roaming\Myadmin\vendor\compiled.php(8952): call_user_func(Object(Closure), Object(Illuminate\Http\Request))
#11 [internal function]: Illuminate\Pipeline\Pipeline->Illuminate\Pipeline\{closure}(Object(Illuminate\Http\Request))
#12 C:\Users\Francis\Roaming\Myadmin\vendor\compiled.php(8935): call_user_func(Object(Closure), Object(Illuminate\Http\Request))
#13 C:\Users\Francis\Roaming\Myadmin\vendor\compiled.php(6955): Illuminate\Pipeline\Pipeline->then(Object(Closure))
#14 C:\Users\Francis\Roaming\Myadmin\vendor\compiled.php(6944): Illuminate\Routing\Router->runRouteWithinStack(Object(Illuminate\Routing\Route), Object(Illuminate\Http\Request))
#15 C:\Users\Francis\Roaming\Myadmin\vendor\compiled.php(6929): Illuminate\Routing\Router->dispatchToRoute(Object(Illuminate\Http\Request))
#16 C:\Users\Francis\Roaming\Myadmin\vendor\compiled.php(1935): Illuminate\Routing\Router->dispatch(Object(Illuminate\Http\Request))
#17 [internal function]: Illuminate\Foundation\Http\Kernel->Illuminate\Foundation\Http\{closure}(Object(Illuminate\Http\Request))
#18 C:\Users\Francis\Roaming\Myadmin\vendor\compiled.php(8952): call_user_func(Object(Closure), Object(Illuminate\Http\Request))
#19 C:\Users\Francis\Roaming\Myadmin\vendor\compiled.php(2438): Illuminate\Pipeline\Pipeline->Illuminate\Pipeline\{closure}(Object(Illuminate\Http\Request))
#20 C:\Users\Francis\Roaming\Myadmin\app\Http\Middleware\VerifyCsrfToken.php(17): Illuminate\Foundation\Http\Middleware\VerifyCsrfToken->handle(Object(Illuminate\Http\Request), Object(Closure))
#21 C:\Users\Francis\Roaming\Myadmin\vendor\compiled.php(8944): App\Http\Middleware\VerifyCsrfToken->handle(Object(Illuminate\Http\Request), Object(Closure))
#22 C:\Users\Francis\Roaming\Myadmin\vendor\compiled.php(12083): Illuminate\Pipeline\Pipeline->Illuminate\Pipeline\{closure}(Object(Illuminate\Http\Request))
#23 C:\Users\Francis\Roaming\Myadmin\vendor\compiled.php(8944): Illuminate\View\Middleware\ShareErrorsFromSession->handle(Object(Illuminate\Http\Request), Object(Closure))
#24 C:\Users\Francis\Roaming\Myadmin\vendor\compiled.php(10785): Illuminate\Pipeline\Pipeline->Illuminate\Pipeline\{closure}(Object(Illuminate\Http\Request))
#25 C:\Users\Francis\Roaming\Myadmin\vendor\compiled.php(8944): Illuminate\Session\Middleware\StartSession->handle(Object(Illuminate\Http\Request), Object(Closure))
#26 C:\Users\Francis\Roaming\Myadmin\vendor\compiled.php(11789): Illuminate\Pipeline\Pipeline->Illuminate\Pipeline\{closure}(Object(Illuminate\Http\Request))
#27 C:\Users\Francis\Roaming\Myadmin\vendor\compiled.php(8944): Illuminate\Cookie\Middleware\AddQueuedCookiesToResponse->handle(Object(Illuminate\Http\Request), Object(Closure))
#28 C:\Users\Francis\Roaming\Myadmin\vendor\compiled.php(11738): Illuminate\Pipeline\Pipeline->Illuminate\Pipeline\{closure}(Object(Illuminate\Http\Request))
#29 C:\Users\Francis\Roaming\Myadmin\vendor\compiled.php(8944): Illuminate\Cookie\Middleware\EncryptCookies->handle(Object(Illuminate\Http\Request), Object(Closure))
#30 C:\Users\Francis\Roaming\Myadmin\vendor\compiled.php(2478): Illuminate\Pipeline\Pipeline->Illuminate\Pipeline\{closure}(Object(Illuminate\Http\Request))
#31 C:\Users\Francis\Roaming\Myadmin\vendor\compiled.php(8944): Illuminate\Foundation\Http\Middleware\CheckForMaintenanceMode->handle(Object(Illuminate\Http\Request), Object(Closure))
#32 [internal function]: Illuminate\Pipeline\Pipeline->Illuminate\Pipeline\{closure}(Object(Illuminate\Http\Request))
#33 C:\Users\Francis\Roaming\Myadmin\vendor\compiled.php(8935): call_user_func(Object(Closure), Object(Illuminate\Http\Request))
#34 C:\Users\Francis\Roaming\Myadmin\vendor\compiled.php(1891): Illuminate\Pipeline\Pipeline->then(Object(Closure))
#35 C:\Users\Francis\Roaming\Myadmin\vendor\compiled.php(1880): Illuminate\Foundation\Http\Kernel->sendRequestThroughRouter(Object(Illuminate\Http\Request))
#36 C:\Users\Francis\Roaming\Myadmin\public\index.php(53): Illuminate\Foundation\Http\Kernel->handle(Object(Illuminate\Http\Request))
#37 {main}  
